2024-07-30 08:00:09,875 [INFO] Activator:176 - 


2024-07-30 08:00:09,896 [INFO] Activator:177 - !SESSION log4j initialized
2024-07-30 08:00:17,913 [INFO] LogOutputStream:77 - [STDOUT_REDIRECT] 
2024-07-30 08:00:19,859 [INFO] ApplicationProperties:184 - Using Application install path: C:\ST\STM32CubeIDE_1.15.1\STM32CubeIDE\plugins\com.st.stm32cube.common.mx_6.11.1.202404110753
2024-07-30 08:00:19,881 [INFO] DbMcusXml:78 - Set database path to: C:\ST\STM32CubeIDE_1.15.1\STM32CubeIDE\plugins\com.st.stm32cube.common.mx_6.11.1.202404110753\\db\/mcu/
2024-07-30 08:00:19,882 [INFO] ApiDb:274 - Set plugin database path to: C:\ST\STM32CubeIDE_1.15.1\STM32CubeIDE\plugins\com.st.stm32cube.common.mx_6.11.1.202404110753\\db\/plugins/boardmanager/
2024-07-30 08:00:19,883 [WARN] ApiDb:259 - Overriding images path with different value:  => C:\ST\STM32CubeIDE_1.15.1\STM32CubeIDE\plugins\com.st.stm32cube.common.mx_6.11.1.202404110753\\db\/plugins/mcufinder/images/
2024-07-30 08:00:19,892 [INFO] ApiDb:250 - Set database path to: C:\Users\sebfo\.stmcufinder\plugins\mcufinder//mcu/
2024-07-30 08:00:19,894 [INFO] DbMcusAds:125 - Set database path to: C:\Users\sebfo\.stmcufinder\plugins\mcufinder//mcu/
2024-07-30 08:00:19,897 [INFO] CrossReferenceDbSqlite:203 - Set database path to: C:\Users\sebfo\.stmcufinder\plugins\mcufinder//mcu/cs/
2024-07-30 08:00:20,028 [INFO] RulesReader:64 - Compatibility file has been processed (297 Rules)
2024-07-30 08:00:20,122 [INFO] DbMcusXml:78 - Set database path to: C:\ST\STM32CubeIDE_1.15.1\STM32CubeIDE\plugins\com.st.stm32cube.common.mx_6.11.1.202404110753\\db\/mcu/
2024-07-30 08:00:20,122 [INFO] ApiDb:274 - Set plugin database path to: C:\ST\STM32CubeIDE_1.15.1\STM32CubeIDE\plugins\com.st.stm32cube.common.mx_6.11.1.202404110753\\db\/plugins/boardmanager/
2024-07-30 08:00:20,122 [INFO] ApiDb:261 - Set plugin images path to: C:\ST\STM32CubeIDE_1.15.1\STM32CubeIDE\plugins\com.st.stm32cube.common.mx_6.11.1.202404110753\\db\/plugins/mcufinder/images/
2024-07-30 08:00:20,122 [WARN] DbFile:41 - Overriding database path with different value: C:\Users\sebfo\.stmcufinder\plugins\mcufinder/ => C:\Users\sebfo\.stmcufinder\plugins\mcufinder
2024-07-30 08:00:20,122 [INFO] ApiDb:250 - Set database path to: C:\Users\sebfo\.stmcufinder\plugins\mcufinder//mcu/
2024-07-30 08:00:20,122 [WARN] DbFile:41 - Overriding database path with different value: C:\Users\sebfo\.stmcufinder\plugins\mcufinder/ => C:\Users\sebfo\.stmcufinder\plugins\mcufinder
2024-07-30 08:00:20,122 [INFO] DbMcusAds:125 - Set database path to: C:\Users\sebfo\.stmcufinder\plugins\mcufinder//mcu/
2024-07-30 08:00:20,122 [WARN] DbFile:41 - Overriding database path with different value: C:\Users\sebfo\.stmcufinder\plugins\mcufinder/ => C:\Users\sebfo\.stmcufinder\plugins\mcufinder
2024-07-30 08:00:20,123 [WARN] DbFile:41 - Overriding database path with different value: C:\Users\sebfo\.stmcufinder\plugins\mcufinder/ => C:\Users\sebfo\.stmcufinder\plugins\mcufinder
2024-07-30 08:00:20,123 [INFO] CrossReferenceDbSqlite:203 - Set database path to: C:\Users\sebfo\.stmcufinder\plugins\mcufinder//mcu/cs/
2024-07-30 08:00:20,203 [INFO] MainPanel:264 - HeapMemory: 268435456
2024-07-30 08:00:20,302 [INFO] DbMcusXml:78 - Set database path to: C:\ST\STM32CubeIDE_1.15.1\STM32CubeIDE\plugins\com.st.stm32cube.common.mx_6.11.1.202404110753\\db\/mcu/
2024-07-30 08:00:20,302 [INFO] ApiDb:274 - Set plugin database path to: C:\ST\STM32CubeIDE_1.15.1\STM32CubeIDE\plugins\com.st.stm32cube.common.mx_6.11.1.202404110753\\db\/plugins/boardmanager/
2024-07-30 08:00:20,302 [INFO] ApiDb:261 - Set plugin images path to: C:\ST\STM32CubeIDE_1.15.1\STM32CubeIDE\plugins\com.st.stm32cube.common.mx_6.11.1.202404110753\\db\/plugins/mcufinder/images/
2024-07-30 08:00:20,303 [WARN] DbFile:41 - Overriding database path with different value: C:\Users\sebfo\.stmcufinder\plugins\mcufinder/ => C:\Users\sebfo\.stmcufinder\plugins\mcufinder
2024-07-30 08:00:20,303 [INFO] ApiDb:250 - Set database path to: C:\Users\sebfo\.stmcufinder\plugins\mcufinder//mcu/
2024-07-30 08:00:20,303 [WARN] DbFile:41 - Overriding database path with different value: C:\Users\sebfo\.stmcufinder\plugins\mcufinder/ => C:\Users\sebfo\.stmcufinder\plugins\mcufinder
2024-07-30 08:00:20,303 [INFO] DbMcusAds:125 - Set database path to: C:\Users\sebfo\.stmcufinder\plugins\mcufinder//mcu/
2024-07-30 08:00:20,303 [WARN] DbFile:41 - Overriding database path with different value: C:\Users\sebfo\.stmcufinder\plugins\mcufinder/ => C:\Users\sebfo\.stmcufinder\plugins\mcufinder
2024-07-30 08:00:20,303 [WARN] DbFile:41 - Overriding database path with different value: C:\Users\sebfo\.stmcufinder\plugins\mcufinder/ => C:\Users\sebfo\.stmcufinder\plugins\mcufinder
2024-07-30 08:00:20,303 [INFO] CrossReferenceDbSqlite:203 - Set database path to: C:\Users\sebfo\.stmcufinder\plugins\mcufinder//mcu/cs/
2024-07-30 08:00:20,326 [INFO] ApplicationProperties:184 - Using Application install path: C:\ST\STM32CubeIDE_1.15.1\STM32CubeIDE\plugins\com.st.stm32cube.common.mx_6.11.1.202404110753
2024-07-30 08:00:20,329 [INFO] PluginManage:196 - Search for loadable plugins [exclusion list=, ]
2024-07-30 08:00:20,331 [INFO] PluginManage:310 - Check plugin analytics
2024-07-30 08:00:20,486 [INFO] AnalyticsPlugin:253 - Accepted Software Licenses: 
2024-07-30 08:00:20,486 [INFO] AnalyticsPlugin:255 - Accepted CMSIS Pack Licenses: 
2024-07-30 08:00:20,486 [INFO] AnalyticsPlugin:257 - Accepted Firmware Licenses: 
2024-07-30 08:00:20,489 [INFO] PluginManage:359 - Loaded plugin analytics (category:tool,tabindex:-1)
2024-07-30 08:00:20,489 [INFO] PluginManage:310 - Check plugin cadmodel
2024-07-30 08:00:20,501 [INFO] CADModel:105 - Init CAD model plugin
2024-07-30 08:00:20,501 [INFO] PluginManage:359 - Loaded plugin cadmodel (category:power,tabindex:5)
2024-07-30 08:00:20,501 [INFO] PluginManage:310 - Check plugin clock
2024-07-30 08:00:20,521 [INFO] PluginManage:359 - Loaded plugin clock (category:base,tabindex:2)
2024-07-30 08:00:20,521 [INFO] PluginManage:310 - Check plugin ddr
2024-07-30 08:00:20,523 [INFO] PluginManage:359 - Loaded plugin ddr (category:tool,tabindex:6)
2024-07-30 08:00:20,523 [INFO] PluginManage:310 - Check plugin filemanager
2024-07-30 08:00:20,644 [INFO] PluginManage:359 - Loaded plugin filemanager (category:base,tabindex:10)
2024-07-30 08:00:20,644 [INFO] PluginManage:310 - Check plugin ipmanager
2024-07-30 08:00:20,650 [INFO] PluginManage:359 - Loaded plugin ipmanager (category:base,tabindex:5)
2024-07-30 08:00:20,651 [INFO] PluginManage:310 - Check plugin lpbam
2024-07-30 08:00:20,668 [INFO] PluginManage:359 - Loaded plugin lpbam (category:base,tabindex:0)
2024-07-30 08:00:20,668 [INFO] PluginManage:310 - Check plugin memorymap
2024-07-30 08:00:20,688 [INFO] PluginManage:359 - Loaded plugin memorymap (category:base,tabindex:4)
2024-07-30 08:00:20,689 [INFO] PluginManage:310 - Check plugin pinoutandconfiguration
2024-07-30 08:00:20,708 [INFO] PluginManage:359 - Loaded plugin pinoutandconfiguration (category:base,tabindex:1)
2024-07-30 08:00:20,708 [INFO] PluginManage:310 - Check plugin pinoutconfig
2024-07-30 08:00:20,813 [WARN] SupportedApi:132 - Cannot load RTOS API schema: s4s-elt-must-match.1: The content of 'definitions' must match (annotation?, (simpleType | complexType)?, (unique | key | keyref)*)). A problem was found starting at: attribute.
2024-07-30 08:00:20,929 [INFO] PluginManage:359 - Loaded plugin pinoutconfig (category:base,tabindex:0)
2024-07-30 08:00:20,930 [INFO] PluginManage:310 - Check plugin power
2024-07-30 08:00:20,949 [INFO] PluginManage:359 - Loaded plugin power (category:power,tabindex:4)
2024-07-30 08:00:20,949 [INFO] PluginManage:310 - Check plugin projectmanager
2024-07-30 08:00:20,963 [INFO] PluginManage:359 - Loaded plugin projectmanager (category:projectmanager,tabindex:3)
2024-07-30 08:00:20,963 [INFO] PluginManage:310 - Check plugin thirdparty
2024-07-30 08:00:21,248 [INFO] PluginManage:359 - Loaded plugin thirdparty (category:base,tabindex:-1)
2024-07-30 08:00:21,248 [WARN] IntegrityCheckThread:84 - waiting for thirdparty lock release [integrity check]
2024-07-30 08:00:21,248 [INFO] IntegrityCheckThread:86 - entering critical section [integrity check]
2024-07-30 08:00:21,248 [INFO] PluginManage:310 - Check plugin tools
2024-07-30 08:00:21,249 [INFO] ThirdPartyUpdaterWithRetryManager:70 - Updater plugin not ready yet. [1/15]
2024-07-30 08:00:21,340 [INFO] PluginManage:359 - Loaded plugin tools (category:base,tabindex:7)
2024-07-30 08:00:21,340 [INFO] PluginManage:310 - Check plugin tutovideos
2024-07-30 08:00:21,573 [INFO] PluginManage:359 - Loaded plugin tutovideos (category:base,tabindex:-1)
2024-07-30 08:00:21,573 [INFO] PluginManage:310 - Check plugin updater
2024-07-30 08:00:21,585 [INFO] PluginManage:359 - Loaded plugin updater (category:base,tabindex:12)
2024-07-30 08:00:21,585 [INFO] PluginManage:310 - Check plugin userauth
2024-07-30 08:00:21,591 [INFO] UserAuth:114 - Init User Auth plugin
2024-07-30 08:00:21,591 [INFO] PluginManage:359 - Loaded plugin userauth (category:base,tabindex:14)
2024-07-30 08:00:21,592 [INFO] PluginManage:283 - PluginManage : Loaded plugins [17]
2024-07-30 08:00:21,834 [INFO] PinOutPanel:1561 - setPackage(No Configuration,No Configuration)
2024-07-30 08:00:21,932 [INFO] CADModel:165 - CPN selected for project level
2024-07-30 08:00:21,932 [INFO] CADModel:114 - Register for checkConnection events
2024-07-30 08:00:21,972 [INFO] IPUIPlugin:80 - create IPUIPlugin
2024-07-30 08:00:21,972 [INFO] PluginManager:220 - loadIPPluginJar : add adc
2024-07-30 08:00:22,045 [INFO] IPUIPlugin:80 - create IPUIPlugin
2024-07-30 08:00:22,045 [INFO] PluginManager:220 - loadIPPluginJar : add aes
2024-07-30 08:00:22,112 [INFO] IPUIPlugin:80 - create IPUIPlugin
2024-07-30 08:00:22,113 [INFO] PluginManager:220 - loadIPPluginJar : add can
2024-07-30 08:00:22,159 [INFO] IPUIPlugin:80 - create IPUIPlugin
2024-07-30 08:00:22,159 [INFO] PluginManager:220 - loadIPPluginJar : add comp
2024-07-30 08:00:22,231 [INFO] IPUIPlugin:80 - create IPUIPlugin
2024-07-30 08:00:22,231 [INFO] PluginManager:220 - loadIPPluginJar : add cryp
2024-07-30 08:00:22,276 [INFO] IPUIPlugin:80 - create IPUIPlugin
2024-07-30 08:00:22,276 [INFO] PluginManager:220 - loadIPPluginJar : add dfsdm
2024-07-30 08:00:22,297 [INFO] IPUIPlugin:80 - create IPUIPlugin
2024-07-30 08:00:22,297 [INFO] PluginManager:220 - loadIPPluginJar : add dma
2024-07-30 08:00:22,364 [INFO] IPUIPlugin:80 - create IPUIPlugin
2024-07-30 08:00:22,364 [INFO] PluginManager:220 - loadIPPluginJar : add dma3
2024-07-30 08:00:22,414 [INFO] IPUIPlugin:80 - create IPUIPlugin
2024-07-30 08:00:22,414 [INFO] PluginManager:220 - loadIPPluginJar : add extmemmanager
2024-07-30 08:00:22,440 [INFO] IPUIPlugin:80 - create IPUIPlugin
2024-07-30 08:00:22,440 [INFO] PluginManager:220 - loadIPPluginJar : add fatfs
2024-07-30 08:00:22,492 [INFO] IPUIPlugin:80 - create IPUIPlugin
2024-07-30 08:00:22,492 [INFO] PluginManager:220 - loadIPPluginJar : add fmc
2024-07-30 08:00:22,510 [INFO] IPUIPlugin:80 - create IPUIPlugin
2024-07-30 08:00:22,510 [INFO] PluginManager:220 - loadIPPluginJar : add freertos
2024-07-30 08:00:22,529 [INFO] IPUIPlugin:80 - create IPUIPlugin
2024-07-30 08:00:22,529 [INFO] PluginManager:220 - loadIPPluginJar : add genericplugin
2024-07-30 08:00:22,598 [INFO] IPUIPlugin:80 - create IPUIPlugin
2024-07-30 08:00:22,598 [INFO] PluginManager:220 - loadIPPluginJar : add gfxmmu
2024-07-30 08:00:22,700 [INFO] IPUIPlugin:80 - create IPUIPlugin
2024-07-30 08:00:22,700 [INFO] PluginManager:220 - loadIPPluginJar : add gic
2024-07-30 08:00:22,712 [INFO] IPUIPlugin:80 - create IPUIPlugin
2024-07-30 08:00:22,712 [INFO] PluginManager:220 - loadIPPluginJar : add gpio
2024-07-30 08:00:22,782 [INFO] IPUIPlugin:80 - create IPUIPlugin
2024-07-30 08:00:22,782 [INFO] PluginManager:220 - loadIPPluginJar : add gtzc
2024-07-30 08:00:22,809 [INFO] IPUIPlugin:80 - create IPUIPlugin
2024-07-30 08:00:22,809 [INFO] PluginManager:220 - loadIPPluginJar : add hash
2024-07-30 08:00:22,847 [INFO] IPUIPlugin:80 - create IPUIPlugin
2024-07-30 08:00:22,847 [INFO] PluginManager:220 - loadIPPluginJar : add i2c
2024-07-30 08:00:22,877 [INFO] IPUIPlugin:80 - create IPUIPlugin
2024-07-30 08:00:22,877 [INFO] PluginManager:220 - loadIPPluginJar : add i2s
2024-07-30 08:00:22,904 [INFO] IPUIPlugin:80 - create IPUIPlugin
2024-07-30 08:00:22,904 [INFO] PluginManager:220 - loadIPPluginJar : add i3c
2024-07-30 08:00:22,979 [INFO] IPUIPlugin:80 - create IPUIPlugin
2024-07-30 08:00:22,979 [INFO] PluginManager:220 - loadIPPluginJar : add ipddr
2024-07-30 08:00:23,045 [INFO] IPUIPlugin:80 - create IPUIPlugin
2024-07-30 08:00:23,046 [INFO] PluginManager:220 - loadIPPluginJar : add linkedlist
2024-07-30 08:00:23,077 [INFO] IPUIPlugin:80 - create IPUIPlugin
2024-07-30 08:00:23,077 [INFO] PluginManager:220 - loadIPPluginJar : add lorawan
2024-07-30 08:00:23,103 [INFO] IPUIPlugin:80 - create IPUIPlugin
2024-07-30 08:00:23,103 [INFO] PluginManager:220 - loadIPPluginJar : add ltdc
2024-07-30 08:00:23,115 [INFO] IPUIPlugin:80 - create IPUIPlugin
2024-07-30 08:00:23,115 [INFO] PluginManager:220 - loadIPPluginJar : add mdma
2024-07-30 08:00:23,124 [INFO] IPUIPlugin:80 - create IPUIPlugin
2024-07-30 08:00:23,125 [INFO] PluginManager:220 - loadIPPluginJar : add nvic
2024-07-30 08:00:23,149 [INFO] IPUIPlugin:80 - create IPUIPlugin
2024-07-30 08:00:23,149 [INFO] PluginManager:220 - loadIPPluginJar : add opamp
2024-07-30 08:00:23,220 [INFO] IPUIPlugin:80 - create IPUIPlugin
2024-07-30 08:00:23,220 [INFO] PluginManager:220 - loadIPPluginJar : add openamp
2024-07-30 08:00:23,262 [INFO] IPUIPlugin:80 - create IPUIPlugin
2024-07-30 08:00:23,262 [INFO] PluginManager:220 - loadIPPluginJar : add pdm2pcm
2024-07-30 08:00:23,273 [INFO] IPUIPlugin:80 - create IPUIPlugin
2024-07-30 08:00:23,275 [INFO] PluginManager:220 - loadIPPluginJar : add plateformsettings
2024-07-30 08:00:23,291 [INFO] IPUIPlugin:80 - create IPUIPlugin
2024-07-30 08:00:23,292 [INFO] PluginManager:220 - loadIPPluginJar : add quadspi
2024-07-30 08:00:23,300 [INFO] IPUIPlugin:80 - create IPUIPlugin
2024-07-30 08:00:23,300 [INFO] PluginManager:220 - loadIPPluginJar : add resmgrutility
2024-07-30 08:00:23,331 [INFO] IPUIPlugin:80 - create IPUIPlugin
2024-07-30 08:00:23,331 [INFO] PluginManager:220 - loadIPPluginJar : add sai
2024-07-30 08:00:23,362 [INFO] IPUIPlugin:80 - create IPUIPlugin
2024-07-30 08:00:23,362 [INFO] PluginManager:220 - loadIPPluginJar : add spi
2024-07-30 08:00:23,409 [INFO] IPUIPlugin:80 - create IPUIPlugin
2024-07-30 08:00:23,409 [INFO] PluginManager:220 - loadIPPluginJar : add stm32_wpan
2024-07-30 08:00:23,426 [INFO] IPUIPlugin:80 - create IPUIPlugin
2024-07-30 08:00:23,426 [INFO] PluginManager:220 - loadIPPluginJar : add tim
2024-07-30 08:00:23,473 [INFO] IPUIPlugin:80 - create IPUIPlugin
2024-07-30 08:00:23,473 [INFO] PluginManager:220 - loadIPPluginJar : add touchsensing
2024-07-30 08:00:23,498 [INFO] IPUIPlugin:80 - create IPUIPlugin
2024-07-30 08:00:23,499 [INFO] PluginManager:220 - loadIPPluginJar : add tracer_emb
2024-07-30 08:00:23,523 [INFO] IPUIPlugin:80 - create IPUIPlugin
2024-07-30 08:00:23,523 [INFO] PluginManager:220 - loadIPPluginJar : add ts
2024-07-30 08:00:23,556 [INFO] IPUIPlugin:80 - create IPUIPlugin
2024-07-30 08:00:23,557 [INFO] PluginManager:220 - loadIPPluginJar : add tsc
2024-07-30 08:00:23,578 [INFO] IPUIPlugin:80 - create IPUIPlugin
2024-07-30 08:00:23,578 [INFO] PluginManager:220 - loadIPPluginJar : add ucpd
2024-07-30 08:00:23,612 [INFO] IPUIPlugin:80 - create IPUIPlugin
2024-07-30 08:00:23,612 [INFO] PluginManager:220 - loadIPPluginJar : add usart
2024-07-30 08:00:23,642 [INFO] IPUIPlugin:80 - create IPUIPlugin
2024-07-30 08:00:23,643 [INFO] PluginManager:220 - loadIPPluginJar : add usbx
2024-07-30 08:00:23,765 [INFO] CADModel:165 - CPN selected for project level
2024-07-30 08:00:23,766 [INFO] CADModel:114 - Register for checkConnection events
2024-07-30 08:00:23,766 [FATAL] Updater:308 - Updater called before beeing initialized
2024-07-30 08:00:23,766 [ERROR] CADModel:125 - Updater not yet initialized, retry later 
2024-07-30 08:00:23,893 [INFO] CADModel:165 - CPN selected for project level
2024-07-30 08:00:23,893 [INFO] CADModel:114 - Register for checkConnection events
2024-07-30 08:00:23,893 [FATAL] Updater:308 - Updater called before beeing initialized
2024-07-30 08:00:23,893 [ERROR] CADModel:125 - Updater not yet initialized, retry later 
2024-07-30 08:00:23,897 [FATAL] Updater:308 - Updater called before beeing initialized
2024-07-30 08:00:24,014 [FATAL] Updater:308 - Updater called before beeing initialized
2024-07-30 08:00:24,025 [INFO] DbMcusAds:53 - JSON generation date=Thu May 16 02:22:01 PDT 2024 (1715851321109)
2024-07-30 08:00:24,025 [FATAL] Updater:308 - Updater called before beeing initialized
2024-07-30 08:00:24,055 [WARN] DetailPanel:346 - Failed to get advertising image, set to default
2024-07-30 08:00:24,114 [FATAL] Updater:308 - Updater called before beeing initialized
2024-07-30 08:00:24,117 [FATAL] Updater:308 - Updater called before beeing initialized
2024-07-30 08:00:24,117 [FATAL] Updater:308 - Updater called before beeing initialized
2024-07-30 08:00:24,117 [WARN] DetailPanel:346 - Failed to get advertising image, set to default
2024-07-30 08:00:24,118 [FATAL] Updater:308 - Updater called before beeing initialized
2024-07-30 08:00:24,170 [ERROR] Updater:1120 - MainUpdater not yet initialized. External WinMGr cannot be set.
2024-07-30 08:00:24,180 [INFO] Updater:1056 - Updater Version found : 6.11.1
2024-07-30 08:00:24,204 [INFO] ApplicationProperties:184 - Using Application install path: C:\ST\STM32CubeIDE_1.15.1\STM32CubeIDE\plugins\com.st.stm32cube.common.mx_6.11.1.202404110753
2024-07-30 08:00:24,251 [INFO] ThirdPartyUpdaterWithRetryManager:70 - Updater plugin not ready yet. [2/15]
2024-07-30 08:00:25,782 [ERROR] LogOutputStream:75 - [STDERR_REDIRECT] Jul 30, 2024 8:00:25 AM java.util.prefs.WindowsPreferences <init>
2024-07-30 08:00:25,783 [ERROR] LogOutputStream:75 - [STDERR_REDIRECT] WARNING: Could not open/create prefs root node Software\JavaSoft\Prefs at root 0xffffffff80000002. Windows RegCreateKeyEx(...) returned error code 5.
2024-07-30 08:00:25,783 [ERROR] LogOutputStream:75 - [STDERR_REDIRECT] 
2024-07-30 08:00:26,222 [INFO] MainUpdater:2873 - connection check result : 10
2024-07-30 08:00:26,222 [INFO] MainUpdater:3567 - Updater definition file requires update
2024-07-30 08:00:26,223 [INFO] MainUpdater:290 - Updater Check For Update Now.
2024-07-30 08:00:26,223 [INFO] MicroXplorer:498 - Change Database Version : DB.6.0.111
2024-07-30 08:00:26,249 [INFO] McuFinderGlobals:63 - Set McuFinder mode to 2 (CubeIDE integrated)
2024-07-30 08:00:26,262 [INFO] UserAuth:415 - Internet connection configuration mode: 1
2024-07-30 08:00:26,299 [INFO] JxBrowserEngine:152 - Initiate JxBrowser Engine with user profile folder
2024-07-30 08:00:26,338 [INFO] ServerAccessManage:473 - Download File updaters.zip
2024-07-30 08:00:26,456 [INFO] FileExtend:240 - Unzip File : updaters.zip
2024-07-30 08:00:26,456 [INFO] FileExtend:255 - Standard Zip Deflate
2024-07-30 08:00:27,102 [INFO] ServerAccessManage:473 - Download File PacksControlFlags.xml
2024-07-30 08:00:27,198 [INFO] ServerAccessManage:473 - Download File cubemx.pidx
2024-07-30 08:00:27,254 [WARN] MainUpdater:1194 - Updater busy. Cannot search thirdparties
2024-07-30 08:00:27,255 [INFO] ThirdPartyUpdaterWithRetryManager:96 - Updater plugin is busy. [1/15]
2024-07-30 08:00:27,534 [INFO] ServerAccessManage:473 - Download File STMicroelectronics.FP-SNS-STBOX1.pdsc
2024-07-30 08:00:29,095 [INFO] ServerAccessManage:473 - Download File STMicroelectronics.X-CUBE-TOF1.pdsc
2024-07-30 08:00:29,668 [ERROR] ServerAccessManage:1089 - Problem, file not found on Server
2024-07-30 08:00:30,255 [WARN] MainUpdater:1194 - Updater busy. Cannot search thirdparties
2024-07-30 08:00:30,255 [INFO] ThirdPartyUpdaterWithRetryManager:96 - Updater plugin is busy. [2/15]
2024-07-30 08:00:30,463 [WARN] PackLoader:240 - Cannot read IP mode file for STMicroelectronics.FP-SNS-STBOX1.2.0.0
2024-07-30 08:00:30,497 [WARN] PackLoader:240 - Cannot read IP mode file for STMicroelectronics.X-CUBE-TOF1.3.4.2
2024-07-30 08:00:30,509 [INFO] PopulateThirdPartyThread:66 - Ending populate Thread
2024-07-30 08:00:30,512 [INFO] ThirdParty:1030 - CMSIS Pack Vendor :STMicroelectronics FP-SNS-STBOX1 2.0.0
2024-07-30 08:00:30,512 [INFO] ThirdParty:1030 - CMSIS Pack Vendor :STMicroelectronics X-CUBE-TOF1 3.4.2
2024-07-30 08:00:30,513 [INFO] LoadServerUpdatesThread:375 - End of LoadServerUpdate Thread
2024-07-30 08:00:30,518 [INFO] CheckServerUpdateThread:120 - End of CheckServer Thread
2024-07-30 08:03:32,714 [WARN] PackLoader:240 - Cannot read IP mode file for STMicroelectronics.FP-SNS-MOTENVWB1.1.4.0
2024-07-30 08:03:32,738 [WARN] PackLoader:240 - Cannot read IP mode file for STMicroelectronics.X-CUBE-SMBUS.2.1.0
2024-07-30 08:03:32,779 [WARN] PackLoader:240 - Cannot read IP mode file for STMicroelectronics.X-CUBE-TOUCHGFX.4.23.2
2024-07-30 08:03:32,835 [WARN] PackLoader:240 - Cannot read IP mode file for STMicroelectronics.X-CUBE-AZRTOS-F7.1.1.0
2024-07-30 08:03:32,846 [WARN] PackLoader:240 - Cannot read IP mode file for STMicroelectronics.FP-SNS-FLIGHT1.5.0.2
2024-07-30 08:03:32,876 [WARN] PackLoader:240 - Cannot read IP mode file for STMicroelectronics.X-CUBE-DISPLAY.3.0.0
2024-07-30 08:03:32,909 [WARN] PackLoader:240 - Cannot read IP mode file for STMicroelectronics.X-CUBE-BLE1.7.0.0
2024-07-30 08:03:32,931 [WARN] PackLoader:240 - Cannot read IP mode file for emotas.I-CUBE-CANOPEN.1.3.0
2024-07-30 08:03:32,959 [WARN] PackLoader:240 - Cannot read IP mode file for STMicroelectronics.X-CUBE-BLEMGR.3.1.0
2024-07-30 08:03:32,981 [WARN] PackLoader:240 - Cannot read IP mode file for STMicroelectronics.FP-SNS-SMARTAG2.1.2.0
2024-07-30 08:03:33,025 [INFO] LogOutputStream:77 - [STDOUT_REDIRECT] 1 : Invalid condition id : UX_CORESTACK_Condition cause : null
2024-07-30 08:03:33,026 [INFO] LogOutputStream:77 - [STDOUT_REDIRECT] 1 : Invalid condition id : UX_CORESTACK_Condition cause : null
2024-07-30 08:03:33,027 [INFO] LogOutputStream:77 - [STDOUT_REDIRECT] 1 : Invalid condition id : UX_CORESTACK_Condition cause : null
2024-07-30 08:03:33,028 [INFO] LogOutputStream:77 - [STDOUT_REDIRECT] 1 : Invalid condition id : UX_CORESTACK_Condition cause : null
2024-07-30 08:03:33,028 [INFO] LogOutputStream:77 - [STDOUT_REDIRECT] 1 : Invalid condition id : UX_CORESTACK_Condition cause : null
2024-07-30 08:03:33,032 [WARN] PackLoader:240 - Cannot read IP mode file for STMicroelectronics.X-CUBE-AZRTOS-WL.2.0.0
2024-07-30 08:03:33,059 [WARN] PackLoader:240 - Cannot read IP mode file for STMicroelectronics.FP-SNS-MOTENV1.5.0.0
2024-07-30 08:03:33,069 [WARN] PackLoader:240 - Cannot read IP mode file for wolfSSL.I-CUBE-wolfMQTT.1.19.0
2024-07-30 08:03:33,093 [WARN] PackLoader:240 - Cannot read IP mode file for WES.I-CUBE-Cesium.1.3.0
2024-07-30 08:03:33,116 [WARN] PackLoader:240 - Cannot read IP mode file for STMicroelectronics.X-CUBE-BLE2.3.3.0
2024-07-30 08:03:33,145 [WARN] PackLoader:240 - Cannot read IP mode file for STMicroelectronics.X-CUBE-TCPP.4.1.0
2024-07-30 08:03:33,185 [WARN] PackLoader:240 - Cannot read IP mode file for STMicroelectronics.X-CUBE-AZRTOS-G0.1.1.0
2024-07-30 08:03:33,206 [WARN] PackLoader:240 - Cannot read IP mode file for STMicroelectronics.X-CUBE-SAFEA1.1.2.2
2024-07-30 08:03:33,240 [WARN] PackLoader:240 - Cannot read IP mode file for STMicroelectronics.X-CUBE-NFC4.3.0.0
2024-07-30 08:03:33,258 [WARN] PackLoader:240 - Cannot read IP mode file for wolfSSL.I-CUBE-wolfMQTT.1.18.0
2024-07-30 08:03:33,286 [WARN] PackLoader:240 - Cannot read IP mode file for EmbeddedOffice.I-CUBE-FS-RTOS.1.0.1
2024-07-30 08:03:33,287 [ERROR] ConditionMgr:805 - Attr not supported : Dmpu
2024-07-30 08:03:33,288 [ERROR] ConditionMgr:805 - Attr not supported : Dmpu
2024-07-30 08:03:33,288 [ERROR] ConditionMgr:805 - Attr not supported : Dmpu
2024-07-30 08:03:33,288 [ERROR] ConditionMgr:805 - Attr not supported : Dmpu
2024-07-30 08:03:33,288 [ERROR] ConditionMgr:805 - Attr not supported : Dmpu
2024-07-30 08:03:33,288 [ERROR] ConditionMgr:805 - Attr not supported : Dmpu
2024-07-30 08:03:33,288 [ERROR] ConditionMgr:805 - Attr not supported : Dmpu
2024-07-30 08:03:33,288 [ERROR] ConditionMgr:805 - Attr not supported : Dmpu
2024-07-30 08:03:33,288 [ERROR] ConditionMgr:805 - Attr not supported : Dmpu
2024-07-30 08:03:33,289 [ERROR] ConditionMgr:805 - Attr not supported : Dmpu
2024-07-30 08:03:33,289 [ERROR] ConditionMgr:805 - Attr not supported : Dmpu
2024-07-30 08:03:33,289 [ERROR] ConditionMgr:805 - Attr not supported : Dmpu
2024-07-30 08:03:33,289 [ERROR] ConditionMgr:805 - Attr not supported : Dmpu
2024-07-30 08:03:33,289 [ERROR] ConditionMgr:805 - Attr not supported : Dmpu
2024-07-30 08:03:33,289 [ERROR] ConditionMgr:805 - Attr not supported : Dmpu
2024-07-30 08:03:33,289 [ERROR] ConditionMgr:805 - Attr not supported : Dmpu
2024-07-30 08:03:33,289 [ERROR] ConditionMgr:805 - Attr not supported : Dmpu
2024-07-30 08:03:33,290 [ERROR] ConditionMgr:805 - Attr not supported : Dmpu
2024-07-30 08:03:33,290 [ERROR] ConditionMgr:805 - Attr not supported : Dmpu
2024-07-30 08:03:33,290 [ERROR] ConditionMgr:805 - Attr not supported : Dmpu
2024-07-30 08:03:33,290 [ERROR] ConditionMgr:805 - Attr not supported : Dmpu
2024-07-30 08:03:33,290 [ERROR] ConditionMgr:805 - Attr not supported : Dmpu
2024-07-30 08:03:33,290 [ERROR] ConditionMgr:805 - Attr not supported : Dmpu
2024-07-30 08:03:33,290 [ERROR] ConditionMgr:805 - Attr not supported : Dmpu
2024-07-30 08:03:33,290 [ERROR] ConditionMgr:805 - Attr not supported : Dmpu
2024-07-30 08:03:33,290 [ERROR] ConditionMgr:805 - Attr not supported : Dmpu
2024-07-30 08:03:33,291 [ERROR] ConditionMgr:805 - Attr not supported : Dmpu
2024-07-30 08:03:33,291 [ERROR] ConditionMgr:805 - Attr not supported : Dmpu
2024-07-30 08:03:33,291 [ERROR] ConditionMgr:805 - Attr not supported : Dmpu
2024-07-30 08:03:33,291 [ERROR] ConditionMgr:805 - Attr not supported : Dmpu
2024-07-30 08:03:33,291 [ERROR] ConditionMgr:805 - Attr not supported : Dmpu
2024-07-30 08:03:33,291 [ERROR] ConditionMgr:805 - Attr not supported : Dmpu
2024-07-30 08:03:33,291 [ERROR] ConditionMgr:805 - Attr not supported : Dmpu
2024-07-30 08:03:33,291 [ERROR] ConditionMgr:805 - Attr not supported : Dmpu
2024-07-30 08:03:33,291 [ERROR] ConditionMgr:805 - Attr not supported : Dmpu
2024-07-30 08:03:33,291 [ERROR] ConditionMgr:805 - Attr not supported : Dmpu
2024-07-30 08:03:33,292 [ERROR] ConditionMgr:805 - Attr not supported : Dmpu
2024-07-30 08:03:33,292 [ERROR] ConditionMgr:805 - Attr not supported : Dmpu
2024-07-30 08:03:33,292 [ERROR] ConditionMgr:805 - Attr not supported : Dmpu
2024-07-30 08:03:33,292 [ERROR] ConditionMgr:805 - Attr not supported : Dmpu
2024-07-30 08:03:33,292 [ERROR] ConditionMgr:805 - Attr not supported : Dmpu
2024-07-30 08:03:33,292 [ERROR] ConditionMgr:805 - Attr not supported : Dmpu
2024-07-30 08:03:33,293 [ERROR] ConditionMgr:805 - Attr not supported : Dmpu
2024-07-30 08:03:33,293 [ERROR] ConditionMgr:805 - Attr not supported : Dmpu
2024-07-30 08:03:33,293 [ERROR] ConditionMgr:805 - Attr not supported : Dmpu
2024-07-30 08:03:33,293 [ERROR] ConditionMgr:805 - Attr not supported : Dmpu
2024-07-30 08:03:33,293 [ERROR] ConditionMgr:805 - Attr not supported : Dmpu
2024-07-30 08:03:33,293 [ERROR] ConditionMgr:805 - Attr not supported : Dmpu
2024-07-30 08:03:33,293 [ERROR] ConditionMgr:805 - Attr not supported : Dmpu
2024-07-30 08:03:33,293 [ERROR] ConditionMgr:805 - Attr not supported : Dmpu
2024-07-30 08:03:33,294 [ERROR] ConditionMgr:805 - Attr not supported : Dmpu
2024-07-30 08:03:33,294 [ERROR] ConditionMgr:805 - Attr not supported : Dmpu
2024-07-30 08:03:33,294 [ERROR] ConditionMgr:805 - Attr not supported : Dmpu
2024-07-30 08:03:33,294 [ERROR] ConditionMgr:805 - Attr not supported : Dmpu
2024-07-30 08:03:33,294 [ERROR] ConditionMgr:805 - Attr not supported : Dmpu
2024-07-30 08:03:33,294 [ERROR] ConditionMgr:805 - Attr not supported : Dmpu
2024-07-30 08:03:33,294 [ERROR] ConditionMgr:805 - Attr not supported : Dmpu
2024-07-30 08:03:33,294 [ERROR] ConditionMgr:805 - Attr not supported : Dmpu
2024-07-30 08:03:33,294 [ERROR] ConditionMgr:805 - Attr not supported : Dmpu
2024-07-30 08:03:33,295 [ERROR] ConditionMgr:805 - Attr not supported : Dmpu
2024-07-30 08:03:33,295 [ERROR] ConditionMgr:805 - Attr not supported : Dmpu
2024-07-30 08:03:33,295 [ERROR] ConditionMgr:805 - Attr not supported : Dmpu
2024-07-30 08:03:33,295 [ERROR] ConditionMgr:805 - Attr not supported : Dmpu
2024-07-30 08:03:33,295 [ERROR] ConditionMgr:805 - Attr not supported : Dmpu
2024-07-30 08:03:33,318 [WARN] PackLoader:240 - Cannot read IP mode file for RealThread.X-CUBE-RT-Thread_Nano.4.1.1
2024-07-30 08:03:33,333 [WARN] PackLoader:240 - Cannot read IP mode file for wolfSSL.I-CUBE-wolfSSL.5.7.0
2024-07-30 08:03:33,346 [WARN] PackLoader:240 - Cannot read IP mode file for STMicroelectronics.FP-ATR-SIGFOX1.3.2.0
2024-07-30 08:03:33,367 [WARN] PackLoader:240 - Cannot read IP mode file for STMicroelectronics.X-CUBE-EEPRMA1.5.1.0
2024-07-30 08:03:33,391 [WARN] PackLoader:240 - Cannot read IP mode file for ITTIA_DB.I-CUBE-ITTIADB.8.9.0
2024-07-30 08:03:33,431 [WARN] PackLoader:240 - Cannot read IP mode file for SEGGER.I-CUBE-embOS.1.3.1
2024-07-30 08:03:33,492 [WARN] PackLoader:240 - Cannot read IP mode file for STMicroelectronics.X-CUBE-ALGOBUILD.1.4.0
2024-07-30 08:03:33,510 [WARN] PackLoader:240 - Cannot read IP mode file for STMicroelectronics.X-CUBE-GNSS1.6.0.0
2024-07-30 08:03:33,545 [WARN] PackLoader:240 - Cannot read IP mode file for STMicroelectronics.X-CUBE-AZRTOS-F4.1.1.0
2024-07-30 08:03:33,571 [WARN] PackLoader:240 - Cannot read IP mode file for STMicroelectronics.X-CUBE-FREERTOS.1.2.0
2024-07-30 08:03:33,614 [WARN] PackLoader:240 - Cannot read IP mode file for STMicroelectronics.X-CUBE-AZRTOS-L5.2.0.0
2024-07-30 08:03:33,644 [WARN] PackLoader:240 - Cannot read IP mode file for STMicroelectronics.X-CUBE-NFC6.3.1.0
2024-07-30 08:03:33,680 [WARN] PackLoader:240 - Cannot read IP mode file for STMicroelectronics.X-CUBE-DPower.1.2.0
2024-07-30 08:03:33,715 [WARN] PackLoader:240 - Cannot read IP mode file for STMicroelectronics.X-CUBE-AI.9.0.0
2024-07-30 08:03:33,732 [WARN] PackLoader:240 - Cannot read IP mode file for STMicroelectronics.X-CUBE-NFC7.1.0.1
2024-07-30 08:03:33,740 [WARN] PackLoader:240 - Cannot read IP mode file for wolfSSL.I-CUBE-wolfTPM.3.2.0
2024-07-30 08:03:33,777 [WARN] ConditionMgr:438 - getConditionDescription Invalid condition id : LAN8742 Phy interface Condition cause : null
2024-07-30 08:03:33,778 [WARN] PackLoader:240 - Cannot read IP mode file for STMicroelectronics.X-CUBE-AZRTOS-L4.2.0.0
2024-07-30 08:03:33,780 [WARN] ConditionMgr:1039 - genDependencies : Invalid condition id : LAN8742 Phy interface Condition cause : null
2024-07-30 08:03:33,781 [WARN] ConditionMgr:1039 - genDependencies : Invalid condition id : LAN8742 Phy interface Condition cause : null
2024-07-30 08:03:33,781 [WARN] ConditionMgr:1039 - genDependencies : Invalid condition id : LAN8742 Phy interface Condition cause : null
2024-07-30 08:03:33,805 [WARN] PackLoader:240 - Cannot read IP mode file for STMicroelectronics.X-CUBE-SFXS2LP1.4.0.0
2024-07-30 08:03:33,838 [WARN] ConditionMgr:438 - getConditionDescription Invalid condition id : UX DEVICE CLASS RTOS Condition cause : null
2024-07-30 08:03:33,838 [WARN] ConditionMgr:438 - getConditionDescription Invalid condition id : UX DEVICE CLASS RTOS Condition cause : null
2024-07-30 08:03:33,840 [WARN] PackLoader:240 - Cannot read IP mode file for STMicroelectronics.X-CUBE-AZRTOS-WB.2.0.0
2024-07-30 08:03:33,841 [WARN] ConditionMgr:1039 - genDependencies : Invalid condition id : UX DEVICE CLASS RTOS Condition cause : null
2024-07-30 08:03:33,842 [WARN] ConditionMgr:1039 - genDependencies : Invalid condition id : UX DEVICE CLASS RTOS Condition cause : null
2024-07-30 08:03:33,842 [WARN] ConditionMgr:1039 - genDependencies : Invalid condition id : UX DEVICE CLASS RTOS Condition cause : null
2024-07-30 08:03:33,843 [WARN] ConditionMgr:1039 - genDependencies : Invalid condition id : UX DEVICE CLASS RTOS Condition cause : null
2024-07-30 08:03:33,843 [WARN] ConditionMgr:1039 - genDependencies : Invalid condition id : UX DEVICE CLASS RTOS Condition cause : null
2024-07-30 08:03:33,853 [WARN] PackLoader:240 - Cannot read IP mode file for STMicroelectronics.FP-SNS-STBOX1.2.0.0
2024-07-30 08:03:33,885 [WARN] PackLoader:240 - Cannot read IP mode file for STMicroelectronics.X-CUBE-SUBG2.5.0.0
2024-07-30 08:03:33,897 [WARN] PackLoader:240 - Cannot read IP mode file for Cesanta.I-CUBE-Mongoose.7.13.0
2024-07-30 08:03:33,928 [WARN] PackLoader:240 - Cannot read IP mode file for STMicroelectronics.X-CUBE-AZRTOS-G4.2.0.0
2024-07-30 08:03:33,952 [WARN] PackLoader:240 - Cannot read IP mode file for STMicroelectronics.X-CUBE-ISPU.2.0.0
2024-07-30 08:03:33,978 [WARN] PackLoader:240 - Cannot read IP mode file for STMicroelectronics.X-CUBE-ALS.1.0.2
2024-07-30 08:03:34,059 [WARN] PackLoader:240 - Cannot read IP mode file for STMicroelectronics.X-CUBE-MEMS1.10.0.0
2024-07-30 08:03:34,215 [WARN] PackLoader:240 - Cannot read IP mode file for STMicroelectronics.X-CUBE-TOUCHGFX.4.24.0
2024-07-30 08:03:34,238 [WARN] PackLoader:240 - Cannot read IP mode file for portGmbH.I-Cube-SoM-uGOAL.1.1.0
2024-07-30 08:03:34,288 [WARN] PackLoader:240 - Cannot read IP mode file for STMicroelectronics.X-CUBE-AZRTOS-H7RS.1.0.0
2024-07-30 08:03:34,301 [WARN] PackLoader:240 - Cannot read IP mode file for STMicroelectronics.FP-ATR-ASTRA1.2.0.0
2024-07-30 08:03:34,313 [WARN] PackLoader:240 - Cannot read IP mode file for STMicroelectronics.X-CUBE-TOF1.3.4.2
2024-07-30 08:03:34,353 [WARN] PackLoader:240 - Cannot read IP mode file for STMicroelectronics.X-CUBE-TOF1.3.4.1
2024-07-30 08:03:34,412 [WARN] PackLoader:240 - Cannot read IP mode file for STMicroelectronics.X-CUBE-AZRTOS-H7.3.2.0
2024-07-30 08:03:34,455 [WARN] PackLoader:240 - Cannot read IP mode file for Infineon.AIROC-Wi-Fi-Bluetooth-STM32.1.6.0
2024-07-30 08:03:34,468 [WARN] PackLoader:240 - Cannot read IP mode file for wolfSSL.I-CUBE-wolfSSH.1.4.17
2024-07-30 08:03:34,469 [INFO] ThirdParty:978 - Integrity check success = true
2024-07-30 08:03:34,469 [INFO] IntegrityCheckThread:100 - exiting critical section [integrity check]
2024-07-30 08:03:34,469 [INFO] IntegrityCheckThread:103 - End integrity checks thread
2024-07-30 08:03:35,336 [INFO] WebApp:161 - Instantiating new browser for Auth
2024-07-30 08:03:36,215 [INFO] WebApp:779 - Register for checkConnection events
2024-07-30 08:03:36,215 [INFO] WebApp:414 - Apply proxy settings
2024-07-30 08:03:36,216 [INFO] WebApp:499 - Chromium requires no authentication
2024-07-30 08:03:36,226 [INFO] WebApp:442 - Direct internet connection detected
2024-07-30 08:03:36,568 [INFO] WebApp:192 - Starting web application
2024-07-30 08:03:36,570 [INFO] WebApp:544 - Web application path used C:\ST\STM32CubeIDE_1.15.1\STM32CubeIDE\plugins\com.st.stm32cube.common.mx_6.11.1.202404110753\db\plugins\mcufinder\reactClient1\index.html
2024-07-30 14:56:11,421 [INFO] McuFinderGlobals:63 - Set McuFinder mode to 2 (CubeIDE integrated)
2024-07-30 14:56:11,560 [INFO] MainUpdater:2873 - connection check result : 10
2024-07-30 14:56:11,570 [INFO] MainUpdater:2873 - connection check result : 10
2024-07-30 14:56:11,763 [INFO] MicroXplorer:468 - Change Database Path : 
2024-07-30 14:56:11,765 [INFO] MicroXplorer:498 - Change Database Version : DB.6.0.111
2024-07-30 14:56:11,770 [WARN] ThirdParty:871 - waiting for thirdparty lock release [close project]
2024-07-30 14:56:11,770 [INFO] ThirdParty:873 - entering critical section [close project]
2024-07-30 14:56:11,788 [INFO] ThirdParty:883 - exiting critical section [close project]
2024-07-30 14:56:11,791 [INFO] PinOutPanel:1561 - setPackage(No Configuration,No Configuration)
2024-07-30 14:56:11,798 [INFO] UtilMem:75 - Begin LoadConfig() Used Memory: 695811072 Bytes (1053818880)
2024-07-30 14:56:11,801 [INFO] MicroXplorer:468 - Change Database Path : 
2024-07-30 14:56:11,801 [INFO] MicroXplorer:498 - Change Database Version : DB.6.0.111
2024-07-30 14:56:11,801 [INFO] OpenFileManager:312 - Change cursor
2024-07-30 14:56:11,863 [INFO] Mcu:2021 - Initializing MCU STM32F030K6Tx STM32F030K6Tx STM32F030K6T6TR
2024-07-30 14:56:12,608 [INFO] Context:663 - Trying to add GPIOservice into a context  which must be forbidden
2024-07-30 14:56:12,888 [INFO] RtosManager:555 - Registered RTOS mode: class=CMSIS, group=RTOS, mode=CMSIS_V1, owner=FREERTOS
2024-07-30 14:56:12,888 [INFO] RtosManager:555 - Registered RTOS mode: class=CMSIS, group=RTOS2, mode=CMSIS_V2, owner=FREERTOS
2024-07-30 14:56:12,888 [INFO] RtosManager:555 - Registered RTOS mode: class=RTOS, group=Core, mode=CMSIS_V1, owner=FREERTOS
2024-07-30 14:56:12,888 [INFO] RtosManager:555 - Registered RTOS mode: class=RTOS, group=Core, mode=CMSIS_V2, owner=FREERTOS
2024-07-30 14:56:12,888 [WARN] ModelIntegratedComponent:184 - Missing modes for component STMicroelectronics:FreeRTOS:0.0.1:STMicroelectronics:RTOS:FreeRTOS:Core:::10.2.0:
2024-07-30 14:56:12,896 [WARN] ModelIntegratedComponent:63 - No mode defined for component null
2024-07-30 14:56:12,897 [WARN] ModelIntegratedComponent:63 - No mode defined for component null
2024-07-30 14:56:12,897 [WARN] ModelIntegratedComponent:63 - No mode defined for component null
2024-07-30 14:56:12,897 [WARN] ModelIntegratedComponent:63 - No mode defined for component null
2024-07-30 14:56:12,897 [WARN] ModelIntegratedComponent:63 - No mode defined for component null
2024-07-30 14:56:12,897 [WARN] ModelIntegratedComponent:63 - No mode defined for component null
2024-07-30 14:56:12,897 [WARN] ModelIntegratedComponent:63 - No mode defined for component null
2024-07-30 14:56:12,897 [WARN] ModelIntegratedComponent:63 - No mode defined for component null
2024-07-30 14:56:12,897 [WARN] ModelIntegratedComponent:63 - No mode defined for component null
2024-07-30 14:56:12,897 [WARN] ModelIntegratedComponent:63 - No mode defined for component null
2024-07-30 14:56:12,898 [WARN] ModelIntegratedComponent:63 - No mode defined for component null
2024-07-30 14:56:12,898 [WARN] ModelIntegratedComponent:63 - No mode defined for component null
2024-07-30 14:56:12,898 [WARN] ModelIntegratedComponent:63 - No mode defined for component null
2024-07-30 14:56:12,898 [WARN] ModelIntegratedComponent:63 - No mode defined for component null
2024-07-30 14:56:12,898 [WARN] ModelIntegratedComponent:63 - No mode defined for component null
2024-07-30 14:56:12,898 [WARN] ModelIntegratedComponent:63 - No mode defined for component null
2024-07-30 14:56:12,898 [WARN] ModelIntegratedComponent:63 - No mode defined for component null
2024-07-30 14:56:12,898 [WARN] ModelIntegratedComponent:63 - No mode defined for component null
2024-07-30 14:56:12,898 [WARN] ModelIntegratedComponent:63 - No mode defined for component null
2024-07-30 14:56:12,898 [WARN] ModelIntegratedComponent:63 - No mode defined for component null
2024-07-30 14:56:12,898 [WARN] ModelIntegratedComponent:63 - No mode defined for component null
2024-07-30 14:56:12,898 [WARN] ModelIntegratedComponent:63 - No mode defined for component null
2024-07-30 14:56:12,898 [WARN] ModelIntegratedComponent:63 - No mode defined for component null
2024-07-30 14:56:12,898 [WARN] ModelIntegratedComponent:63 - No mode defined for component null
2024-07-30 14:56:12,898 [WARN] ModelIntegratedComponent:63 - No mode defined for component null
2024-07-30 14:56:12,898 [WARN] ModelIntegratedComponent:63 - No mode defined for component null
2024-07-30 14:56:12,899 [WARN] ModelIntegratedComponent:63 - No mode defined for component null
2024-07-30 14:56:12,899 [WARN] ModelIntegratedComponent:63 - No mode defined for component null
2024-07-30 14:56:12,899 [WARN] ModelIntegratedComponent:63 - No mode defined for component null
2024-07-30 14:56:12,899 [WARN] ModelIntegratedComponent:63 - No mode defined for component null
2024-07-30 14:56:12,899 [WARN] ModelIntegratedComponent:63 - No mode defined for component null
2024-07-30 14:56:12,899 [WARN] ModelIntegratedComponent:63 - No mode defined for component null
2024-07-30 14:56:12,899 [WARN] ModelIntegratedComponent:63 - No mode defined for component null
2024-07-30 14:56:12,899 [WARN] ModelIntegratedComponent:63 - No mode defined for component null
2024-07-30 14:56:12,962 [INFO] ThirdPartyModel:298 - Start build external matchings
2024-07-30 14:56:13,149 [INFO] ThirdPartyModel:316 - End build external matchings
2024-07-30 14:56:13,345 [INFO] ApiDb:581 - Connected to CubeFinder SQLite database (C:\Users\sebfo\.stmcufinder\plugins\mcufinder\mcu\cube-finder-db.db)
2024-07-30 14:56:13,412 [INFO] ApiDb:668 - CubeFinder database Data Model version=2.1
2024-07-30 14:56:13,412 [INFO] ApiDb:669 - CubeFinder database Configuration version=3.0.39
2024-07-30 14:56:13,413 [INFO] ApiDb:670 - CubeFinder database generation date=2024-06-20 (1718880634)
2024-07-30 14:56:13,413 [INFO] ApiDb:671 - CubeFinder database FW Pack versions=[FP-ATR-ASTRA1_V2.0.0, FP-SNS-FLIGHT1_V5.0.2, FP-SNS-MOTENV1_V5.0.0, FP-SNS-MOTENVWB1_V1.4.0, FP-SNS-SMARTAG2_V1.2.0, STM32Cube_FW_C0_V1.2.0, STM32Cube_FW_F4_V1.28.0, STM32Cube_FW_F7_V1.17.2, STM32Cube_FW_G0_V1.6.2, STM32Cube_FW_G4_V1.6.0, STM32Cube_FW_H5_V1.3.0, STM32Cube_FW_H7RS_V1.1.0, STM32Cube_FW_H7_V1.11.2, STM32Cube_FW_L0_V1.12.2, STM32Cube_FW_L5_V1.5.1, STM32Cube_FW_U0_V1.1.0, STM32Cube_FW_U5_V1.6.0, STM32Cube_FW_WB0_V1.0.0, STM32Cube_FW_WBA_V1.4.0, STM32Cube_FW_WB_V1.20.0, STM32Cube_FW_WL_V1.3.0, X-CUBE-ALGOBUILD_V1.4.0, X-CUBE-ALS_V1.0.2, X-CUBE-AZRTOS-F4_V1.1.0, X-CUBE-AZRTOS-F7_V1.1.0, X-CUBE-AZRTOS-G0_V1.1.0, X-CUBE-AZRTOS-G4_V2.0.0, X-CUBE-AZRTOS-H7RS_V1.0.0, X-CUBE-AZRTOS-H7_V3.2.0, X-CUBE-AZRTOS-L4_V2.0.0, X-CUBE-AZRTOS-L5_V1.1.0, X-CUBE-AZRTOS-WB_V2.0.0, X-CUBE-AZRTOS-WL_V2.0.0, X-CUBE-BLE1_V7.0.0, X-CUBE-BLE2_V3.3.0, X-CUBE-BLEMGR_V3.1.0, X-CUBE-EEPRMA1_V5.1.0, X-CUBE-FREERTOS_V1.2.0, X-CUBE-GNSS1_V6.0.0, X-CUBE-MEMS1_V10.0.0, X-CUBE-NFC4_V3.0.0, X-CUBE-NFC7_V1.0.1, X-CUBE-SFXS2LP1_V4.0.0, X-CUBE-SUBG2_V5.0.0, X-CUBE-TOF1_V3.4.1]
2024-07-30 14:56:13,574 [INFO] DbBoardsSqlite:226 - include board P-NUCLEO-WB55-NUCLEO as a kit item of type 'Nucleo-64'
2024-07-30 14:56:13,574 [INFO] DbBoardsSqlite:226 - include board P-NUCLEO-WB55-USBDONGLE as a kit item of type 'Nucleo USB Dongle'
2024-07-30 14:56:13,577 [INFO] DbBoardsSqlite:226 - include board STEVAL-IDP005V1 as a kit item of type 'Evaluation Board'
2024-07-30 14:56:13,577 [INFO] DbBoardsSqlite:226 - include board STEVAL-IDP005V2 as a kit item of type 'Evaluation Board'
2024-07-30 14:56:13,927 [INFO] ApiDb:240 - Found 483 in-development CPN: [B-G473E-ZEST1S, B-WB1M-WPAN1, B-WL5M-SUBG1, NUCLEO-C031C6, NUCLEO-H503RB, NUCLEO-H533RE, NUCLEO-H563ZI, NUCLEO-H7S3L8, NUCLEO-U031R8, NUCLEO-U083RC, NUCLEO-U545RE-Q, NUCLEO-U5A5ZJ-Q, NUCLEO-WBA52CG, NUCLEO-WBA55CG, STEVAL-PROTEUS1, STEVAL-SMARTAG2, STEVAL-STWINBX1, STM320518-EVAL, STM32C0116-DK, STM32C011D6Y3TR, STM32C011D6Y6TR, STM32C011F4P3, STM32C011F4P6, STM32C011F4U3, STM32C011F4U6TR, STM32C011F6P3, STM32C011F6P6, STM32C011F6U3, STM32C011F6U6TR, STM32C011J4M3, STM32C011J4M6, STM32C011J6M3, STM32C011J6M6, STM32C0316-DK, STM32C031C4T3, STM32C031C4T6, STM32C031C4U3, STM32C031C4U6, STM32C031C6T3, STM32C031C6T6, STM32C031C6U3, STM32C031C6U6, STM32C031F4P3, STM32C031F4P6, STM32C031F6P3, STM32C031F6P6, STM32C031G4U3, STM32C031G4U6, STM32C031G6U3, STM32C031G6U6, STM32C031K4T3, STM32C031K4T6, STM32C031K4U3, STM32C031K4U6, STM32C031K6T3, STM32C031K6T6, STM32C031K6U3, STM32C031K6U6, STM32G071K8TXN, STM32G071K8UXN, STM32G081GBU6N, STM32G081KBT6N, STM32G081KBUXN, STM32G0B1CCT6N, STM32G0B1KCT6, STM32G0B1NEY6TR, STM32G0B1RCT6N, STM32G0C1CCT6, STM32G0C1CCT6N, STM32G0C1CCU6N, STM32G0C1CET6N, STM32G0C1CEU6N, STM32G0C1KCT6, STM32G0C1NEY6TR, STM32G0C1RCI6N, STM32G0C1RCT6N, STM32G0C1REI6N, STM32G0C1RET6N, STM32G0C1VCI6, STM32G0C1VEI6, STM32G471CCT6, STM32G471CCU6, STM32G471CET3, STM32G471CET6, STM32G471CEU3, STM32G471CEU6, STM32G471MCT6, STM32G471MET3, STM32G471MET6, STM32G471MEY6TR, STM32G471QCT6, STM32G471QET3, STM32G471RCT6, STM32G471RET3, STM32G471RET6, STM32G471VCH6, STM32G471VCI6, STM32G471VCT6, STM32G471VEH3, STM32G471VEH6, STM32G471VEI3, STM32G471VEI6, STM32G471VET3, STM32G471VET6, STM32G474CCT6, STM32H503CBT6, STM32H503CBU6, STM32H503EBY6TR, STM32H503KBU6, STM32H503RBT6, STM32H523CCT6, STM32H523CCU6, STM32H523CET6, STM32H523CEU6, STM32H523HEY6TR, STM32H523RCT6, STM32H523RET6, STM32H523VCI6, STM32H523VCT6, STM32H523VEI6, STM32H523VET6, STM32H523ZCJ6, STM32H523ZCT6, STM32H523ZEJ6, STM32H523ZET6, STM32H533CET6, STM32H533CEU6, STM32H533HEY6TR, STM32H533RET6, STM32H533VEI6, STM32H533VET6, STM32H533ZEJ6, STM32H533ZET6, STM32H562AGI6, STM32H562AII6, STM32H562IGK6, STM32H562IGT6, STM32H562IIK6, STM32H562IIT6, STM32H562RGT6, STM32H562RGV6, STM32H562RIT6, STM32H562RIV6, STM32H562VGT6, STM32H562VIT6, STM32H562ZGT6, STM32H562ZIT6, STM32H563AGI6, STM32H563AII3Q, STM32H563AII6, STM32H563IGK6, STM32H563IGT6, STM32H563IIK3Q, STM32H563IIK6, STM32H563IIT3Q, STM32H563IIT6, STM32H563MIY3QTR, STM32H563RGT6, STM32H563RGV6, STM32H563RIT6, STM32H563RIV6, STM32H563VGT6, STM32H563VIT3Q, STM32H563VIT6, STM32H563ZGT6, STM32H563ZIT3Q, STM32H563ZIT6, STM32H573AII3Q, STM32H573AII6, STM32H573I-DK, STM32H573IIK3Q, STM32H573IIK6, STM32H573IIT3Q, STM32H573IIT6, STM32H573MIY3QTR, STM32H573RIT6, STM32H573RIV6, STM32H573VIT3Q, STM32H573VIT6, STM32H573ZIT3Q, STM32H573ZIT6, STM32H7R3A8I6, STM32H7R3I8K6, STM32H7R3I8T6, STM32H7R3L8H6, STM32H7R3L8H6H, STM32H7R3R8V6, STM32H7R3V8H6, STM32H7R3V8T6, STM32H7R3V8Y6, STM32H7R3Z8J6, STM32H7R3Z8T6, STM32H7R7A8I6, STM32H7R7I8K6, STM32H7R7I8T6, STM32H7R7L8H6, STM32H7R7L8H6H, STM32H7R7Z8J6, STM32H7S3A8I6, STM32H7S3I8K6, STM32H7S3I8T6, STM32H7S3L8H6, STM32H7S3L8H6H, STM32H7S3R8V6, STM32H7S3V8H6, STM32H7S3V8T6, STM32H7S3V8Y6, STM32H7S3Z8J6, STM32H7S3Z8T6, STM32H7S78-DK, STM32H7S7A8I6, STM32H7S7I8K6, STM32H7S7I8T6, STM32H7S7L8H6, STM32H7S7L8H6H, STM32H7S7Z8J6, STM32L4R5QGI6STR, STM32MP131AAE3, STM32MP131AAF3, STM32MP131AAG3, STM32MP131CAE3, STM32MP131CAF3, STM32MP131CAG3, STM32MP131DAE7, STM32MP131DAF7, STM32MP131DAG7, STM32MP131FAE7, STM32MP131FAF7, STM32MP131FAG7, STM32MP133AAE3, STM32MP133AAF3, STM32MP133AAG3, STM32MP133CAE3, STM32MP133CAF3, STM32MP133CAG3, STM32MP133DAE7, STM32MP133DAF7, STM32MP133DAG7, STM32MP133FAE7, STM32MP133FAF7, STM32MP133FAG7, STM32MP135AAE3, STM32MP135AAF3, STM32MP135AAG3, STM32MP135CAE3, STM32MP135CAF3, STM32MP135CAG3, STM32MP135DAE7, STM32MP135DAF7, STM32MP135DAG7, STM32MP135F-DK, STM32MP135FAE7, STM32MP135FAF7, STM32MP135FAF7T, STM32MP135FAF7U, STM32MP135FAG7, STM32U031C6T6, STM32U031C6U6, STM32U031C8T6, STM32U031C8U6, STM32U031F4P6, STM32U031F6P6, STM32U031F8P6, STM32U031G6Y6TR, STM32U031G8Y6TR, STM32U031K4U6, STM32U031K6U6, STM32U031K8U6, STM32U031R6I6, STM32U031R6T6, STM32U031R8I6, STM32U031R8T6, STM32U073C8T6, STM32U073C8U6, STM32U073CBT6, STM32U073CBU6, STM32U073CCT6, STM32U073CCU6, STM32U073H8Y6TR, STM32U073HBY6TR, STM32U073HCY6TR, STM32U073K8U6, STM32U073KBU6, STM32U073KCU6, STM32U073M8I6, STM32U073M8T6, STM32U073MBI6, STM32U073MBT6, STM32U073MCI6, STM32U073MCT6, STM32U073R8I6, STM32U073R8T6, STM32U073RBI6, STM32U073RBT6, STM32U073RCI6, STM32U073RCT6, STM32U083C-DK, STM32U083CCT6, STM32U083CCU6, STM32U083HCY6TR, STM32U083KCU6, STM32U083MCI6, STM32U083MCT6, STM32U083RCI6, STM32U083RCT6, STM32U535CBT6, STM32U535CBT6Q, STM32U535CBU6, STM32U535CBU6Q, STM32U535CCT6, STM32U535CCT6Q, STM32U535CCU6, STM32U535CCU6Q, STM32U535CET6, STM32U535CET6Q, STM32U535CEU6, STM32U535CEU6Q, STM32U535JEY6QTR, STM32U535NCY6QTR, STM32U535NEY6QTR, STM32U535RBI6, STM32U535RBI6Q, STM32U535RBT6, STM32U535RBT6Q, STM32U535RCI6, STM32U535RCI6Q, STM32U535RCT6, STM32U535RCT6Q, STM32U535REI6, STM32U535REI6Q, STM32U535RET6, STM32U535RET6Q, STM32U535VCI6, STM32U535VCI6Q, STM32U535VCT6, STM32U535VCT6Q, STM32U535VEI6, STM32U535VEI6Q, STM32U535VET6, STM32U535VET6Q, STM32U545CET6, STM32U545CET6Q, STM32U545CEU6, STM32U545CEU6Q, STM32U545JEY6QTR, STM32U545NEY6QTR, STM32U545REI6, STM32U545REI6Q, STM32U545RET6, STM32U545RET6Q, STM32U545VEI6, STM32U545VEI6Q, STM32U545VET6, STM32U545VET6Q, STM32U595AIH6, STM32U595AIH6Q, STM32U595AJH6, STM32U595AJH6Q, STM32U595QII6, STM32U595QII6Q, STM32U595QJI6, STM32U595QJI6Q, STM32U595RIT6, STM32U595RIT6Q, STM32U595RJT6, STM32U595RJT6Q, STM32U595VIT6, STM32U595VIT6Q, STM32U595VJT6, STM32U595VJT6Q, STM32U595ZIT6, STM32U595ZIT6Q, STM32U595ZIY6QTR, STM32U595ZJT6, STM32U595ZJT6Q, STM32U595ZJY6QTR, STM32U599BJY6QTR, STM32U599NIH6Q, STM32U599NJH6Q, STM32U599VIT6Q, STM32U599VJT6, STM32U599VJT6Q, STM32U599ZIT6Q, STM32U599ZIY6QTR, STM32U599ZJT6Q, STM32U599ZJY6QTR, STM32U5A5AJH6, STM32U5A5AJH6Q, STM32U5A5QII3Q , STM32U5A5QJI6, STM32U5A5QJI6Q, STM32U5A5RJT6, STM32U5A5RJT6Q, STM32U5A5VJT6, STM32U5A5VJT6Q, STM32U5A5ZJT6, STM32U5A5ZJT6Q, STM32U5A5ZJY6QTR, STM32U5A9BJY6QTR, STM32U5A9J-DK, STM32U5A9NJH6Q, STM32U5A9VJT6Q, STM32U5A9ZJT6Q, STM32U5A9ZJY6QTR, STM32U5F7VIT6, STM32U5F7VIT6Q, STM32U5F7VJT6, STM32U5F7VJT6Q, STM32U5F9BJY6QTR, STM32U5F9NJH6Q, STM32U5F9VIT6Q, STM32U5F9VJT6Q, STM32U5F9ZIJ6QTR, STM32U5F9ZIT6Q, STM32U5F9ZJJ6QTR, STM32U5F9ZJT6Q, STM32U5G7VJT6, STM32U5G7VJT6Q, STM32U5G9BJY6QTR, STM32U5G9J-DK1, STM32U5G9J-DK2, STM32U5G9NJH6Q, STM32U5G9VJT6Q, STM32U5G9ZJJ6QTR, STM32U5G9ZJT6Q, STM32WB1MMCH6, STM32WBA50KEU6, STM32WBA50KEU6TR, STM32WBA50KGU6, STM32WBA50KGU6TR, STM32WBA52CEU6, STM32WBA52CEU6TR, STM32WBA52CEU7, STM32WBA52CEU7TR, STM32WBA52CGU6, STM32WBA52CGU6TR, STM32WBA52CGU6U, STM32WBA52CGU7, STM32WBA52CGU7TR, STM32WBA52KEU6, STM32WBA52KEU6TR, STM32WBA52KGU6, STM32WBA52KGU6TR, STM32WBA54CEU6, STM32WBA54CEU6TR, STM32WBA54CEU7, STM32WBA54CEU7TR, STM32WBA54CGU6, STM32WBA54CGU6TR, STM32WBA54CGU7, STM32WBA54CGU7TR, STM32WBA54KEU6, STM32WBA54KEU6TR, STM32WBA54KEU7, STM32WBA54KEU7TR, STM32WBA54KGU6, STM32WBA54KGU6TR, STM32WBA54KGU7, STM32WBA54KGU7TR, STM32WBA55CEU6, STM32WBA55CEU6TR, STM32WBA55CEU7, STM32WBA55CEU7TR, STM32WBA55CGU6, STM32WBA55CGU6TR, STM32WBA55CGU6U, STM32WBA55CGU7, STM32WBA55CGU7TR, STM32WBA55G-DK1, STM32WBA55HEF6, STM32WBA55HEF7, STM32WBA55HGF6, STM32WBA55HGF7, STM32WBA55UEI6, STM32WBA55UEI6TR, STM32WBA55UEI7, STM32WBA55UEI7TR, STM32WBA55UGI6, STM32WBA55UGI6TR, STM32WBA55UGI7, STM32WBA55UGI7TR, STM32WL5MOCH6, STM32WL5MOCH6TR]
2024-07-30 14:56:13,930 [INFO] ApiDb:668 - CubeFinder database Data Model version=2.1
2024-07-30 14:56:13,930 [INFO] ApiDb:669 - CubeFinder database Configuration version=3.0.39
2024-07-30 14:56:13,930 [INFO] ApiDb:670 - CubeFinder database generation date=2024-06-20 (1718880634)
2024-07-30 14:56:13,930 [INFO] ApiDb:671 - CubeFinder database FW Pack versions=[FP-ATR-ASTRA1_V2.0.0, FP-SNS-FLIGHT1_V5.0.2, FP-SNS-MOTENV1_V5.0.0, FP-SNS-MOTENVWB1_V1.4.0, FP-SNS-SMARTAG2_V1.2.0, STM32Cube_FW_C0_V1.2.0, STM32Cube_FW_F4_V1.28.0, STM32Cube_FW_F7_V1.17.2, STM32Cube_FW_G0_V1.6.2, STM32Cube_FW_G4_V1.6.0, STM32Cube_FW_H5_V1.3.0, STM32Cube_FW_H7RS_V1.1.0, STM32Cube_FW_H7_V1.11.2, STM32Cube_FW_L0_V1.12.2, STM32Cube_FW_L5_V1.5.1, STM32Cube_FW_U0_V1.1.0, STM32Cube_FW_U5_V1.6.0, STM32Cube_FW_WB0_V1.0.0, STM32Cube_FW_WBA_V1.4.0, STM32Cube_FW_WB_V1.20.0, STM32Cube_FW_WL_V1.3.0, X-CUBE-ALGOBUILD_V1.4.0, X-CUBE-ALS_V1.0.2, X-CUBE-AZRTOS-F4_V1.1.0, X-CUBE-AZRTOS-F7_V1.1.0, X-CUBE-AZRTOS-G0_V1.1.0, X-CUBE-AZRTOS-G4_V2.0.0, X-CUBE-AZRTOS-H7RS_V1.0.0, X-CUBE-AZRTOS-H7_V3.2.0, X-CUBE-AZRTOS-L4_V2.0.0, X-CUBE-AZRTOS-L5_V1.1.0, X-CUBE-AZRTOS-WB_V2.0.0, X-CUBE-AZRTOS-WL_V2.0.0, X-CUBE-BLE1_V7.0.0, X-CUBE-BLE2_V3.3.0, X-CUBE-BLEMGR_V3.1.0, X-CUBE-EEPRMA1_V5.1.0, X-CUBE-FREERTOS_V1.2.0, X-CUBE-GNSS1_V6.0.0, X-CUBE-MEMS1_V10.0.0, X-CUBE-NFC4_V3.0.0, X-CUBE-NFC7_V1.0.1, X-CUBE-SFXS2LP1_V4.0.0, X-CUBE-SUBG2_V5.0.0, X-CUBE-TOF1_V3.4.1]
2024-07-30 14:56:15,091 [INFO] ApiDb:240 - Found 483 in-development CPN: [B-G473E-ZEST1S, B-WB1M-WPAN1, B-WL5M-SUBG1, NUCLEO-C031C6, NUCLEO-H503RB, NUCLEO-H533RE, NUCLEO-H563ZI, NUCLEO-H7S3L8, NUCLEO-U031R8, NUCLEO-U083RC, NUCLEO-U545RE-Q, NUCLEO-U5A5ZJ-Q, NUCLEO-WBA52CG, NUCLEO-WBA55CG, STEVAL-PROTEUS1, STEVAL-SMARTAG2, STEVAL-STWINBX1, STM320518-EVAL, STM32C0116-DK, STM32C011D6Y3TR, STM32C011D6Y6TR, STM32C011F4P3, STM32C011F4P6, STM32C011F4U3, STM32C011F4U6TR, STM32C011F6P3, STM32C011F6P6, STM32C011F6U3, STM32C011F6U6TR, STM32C011J4M3, STM32C011J4M6, STM32C011J6M3, STM32C011J6M6, STM32C0316-DK, STM32C031C4T3, STM32C031C4T6, STM32C031C4U3, STM32C031C4U6, STM32C031C6T3, STM32C031C6T6, STM32C031C6U3, STM32C031C6U6, STM32C031F4P3, STM32C031F4P6, STM32C031F6P3, STM32C031F6P6, STM32C031G4U3, STM32C031G4U6, STM32C031G6U3, STM32C031G6U6, STM32C031K4T3, STM32C031K4T6, STM32C031K4U3, STM32C031K4U6, STM32C031K6T3, STM32C031K6T6, STM32C031K6U3, STM32C031K6U6, STM32G071K8TXN, STM32G071K8UXN, STM32G081GBU6N, STM32G081KBT6N, STM32G081KBUXN, STM32G0B1CCT6N, STM32G0B1KCT6, STM32G0B1NEY6TR, STM32G0B1RCT6N, STM32G0C1CCT6, STM32G0C1CCT6N, STM32G0C1CCU6N, STM32G0C1CET6N, STM32G0C1CEU6N, STM32G0C1KCT6, STM32G0C1NEY6TR, STM32G0C1RCI6N, STM32G0C1RCT6N, STM32G0C1REI6N, STM32G0C1RET6N, STM32G0C1VCI6, STM32G0C1VEI6, STM32G471CCT6, STM32G471CCU6, STM32G471CET3, STM32G471CET6, STM32G471CEU3, STM32G471CEU6, STM32G471MCT6, STM32G471MET3, STM32G471MET6, STM32G471MEY6TR, STM32G471QCT6, STM32G471QET3, STM32G471RCT6, STM32G471RET3, STM32G471RET6, STM32G471VCH6, STM32G471VCI6, STM32G471VCT6, STM32G471VEH3, STM32G471VEH6, STM32G471VEI3, STM32G471VEI6, STM32G471VET3, STM32G471VET6, STM32G474CCT6, STM32H503CBT6, STM32H503CBU6, STM32H503EBY6TR, STM32H503KBU6, STM32H503RBT6, STM32H523CCT6, STM32H523CCU6, STM32H523CET6, STM32H523CEU6, STM32H523HEY6TR, STM32H523RCT6, STM32H523RET6, STM32H523VCI6, STM32H523VCT6, STM32H523VEI6, STM32H523VET6, STM32H523ZCJ6, STM32H523ZCT6, STM32H523ZEJ6, STM32H523ZET6, STM32H533CET6, STM32H533CEU6, STM32H533HEY6TR, STM32H533RET6, STM32H533VEI6, STM32H533VET6, STM32H533ZEJ6, STM32H533ZET6, STM32H562AGI6, STM32H562AII6, STM32H562IGK6, STM32H562IGT6, STM32H562IIK6, STM32H562IIT6, STM32H562RGT6, STM32H562RGV6, STM32H562RIT6, STM32H562RIV6, STM32H562VGT6, STM32H562VIT6, STM32H562ZGT6, STM32H562ZIT6, STM32H563AGI6, STM32H563AII3Q, STM32H563AII6, STM32H563IGK6, STM32H563IGT6, STM32H563IIK3Q, STM32H563IIK6, STM32H563IIT3Q, STM32H563IIT6, STM32H563MIY3QTR, STM32H563RGT6, STM32H563RGV6, STM32H563RIT6, STM32H563RIV6, STM32H563VGT6, STM32H563VIT3Q, STM32H563VIT6, STM32H563ZGT6, STM32H563ZIT3Q, STM32H563ZIT6, STM32H573AII3Q, STM32H573AII6, STM32H573I-DK, STM32H573IIK3Q, STM32H573IIK6, STM32H573IIT3Q, STM32H573IIT6, STM32H573MIY3QTR, STM32H573RIT6, STM32H573RIV6, STM32H573VIT3Q, STM32H573VIT6, STM32H573ZIT3Q, STM32H573ZIT6, STM32H7R3A8I6, STM32H7R3I8K6, STM32H7R3I8T6, STM32H7R3L8H6, STM32H7R3L8H6H, STM32H7R3R8V6, STM32H7R3V8H6, STM32H7R3V8T6, STM32H7R3V8Y6, STM32H7R3Z8J6, STM32H7R3Z8T6, STM32H7R7A8I6, STM32H7R7I8K6, STM32H7R7I8T6, STM32H7R7L8H6, STM32H7R7L8H6H, STM32H7R7Z8J6, STM32H7S3A8I6, STM32H7S3I8K6, STM32H7S3I8T6, STM32H7S3L8H6, STM32H7S3L8H6H, STM32H7S3R8V6, STM32H7S3V8H6, STM32H7S3V8T6, STM32H7S3V8Y6, STM32H7S3Z8J6, STM32H7S3Z8T6, STM32H7S78-DK, STM32H7S7A8I6, STM32H7S7I8K6, STM32H7S7I8T6, STM32H7S7L8H6, STM32H7S7L8H6H, STM32H7S7Z8J6, STM32L4R5QGI6STR, STM32MP131AAE3, STM32MP131AAF3, STM32MP131AAG3, STM32MP131CAE3, STM32MP131CAF3, STM32MP131CAG3, STM32MP131DAE7, STM32MP131DAF7, STM32MP131DAG7, STM32MP131FAE7, STM32MP131FAF7, STM32MP131FAG7, STM32MP133AAE3, STM32MP133AAF3, STM32MP133AAG3, STM32MP133CAE3, STM32MP133CAF3, STM32MP133CAG3, STM32MP133DAE7, STM32MP133DAF7, STM32MP133DAG7, STM32MP133FAE7, STM32MP133FAF7, STM32MP133FAG7, STM32MP135AAE3, STM32MP135AAF3, STM32MP135AAG3, STM32MP135CAE3, STM32MP135CAF3, STM32MP135CAG3, STM32MP135DAE7, STM32MP135DAF7, STM32MP135DAG7, STM32MP135F-DK, STM32MP135FAE7, STM32MP135FAF7, STM32MP135FAF7T, STM32MP135FAF7U, STM32MP135FAG7, STM32U031C6T6, STM32U031C6U6, STM32U031C8T6, STM32U031C8U6, STM32U031F4P6, STM32U031F6P6, STM32U031F8P6, STM32U031G6Y6TR, STM32U031G8Y6TR, STM32U031K4U6, STM32U031K6U6, STM32U031K8U6, STM32U031R6I6, STM32U031R6T6, STM32U031R8I6, STM32U031R8T6, STM32U073C8T6, STM32U073C8U6, STM32U073CBT6, STM32U073CBU6, STM32U073CCT6, STM32U073CCU6, STM32U073H8Y6TR, STM32U073HBY6TR, STM32U073HCY6TR, STM32U073K8U6, STM32U073KBU6, STM32U073KCU6, STM32U073M8I6, STM32U073M8T6, STM32U073MBI6, STM32U073MBT6, STM32U073MCI6, STM32U073MCT6, STM32U073R8I6, STM32U073R8T6, STM32U073RBI6, STM32U073RBT6, STM32U073RCI6, STM32U073RCT6, STM32U083C-DK, STM32U083CCT6, STM32U083CCU6, STM32U083HCY6TR, STM32U083KCU6, STM32U083MCI6, STM32U083MCT6, STM32U083RCI6, STM32U083RCT6, STM32U535CBT6, STM32U535CBT6Q, STM32U535CBU6, STM32U535CBU6Q, STM32U535CCT6, STM32U535CCT6Q, STM32U535CCU6, STM32U535CCU6Q, STM32U535CET6, STM32U535CET6Q, STM32U535CEU6, STM32U535CEU6Q, STM32U535JEY6QTR, STM32U535NCY6QTR, STM32U535NEY6QTR, STM32U535RBI6, STM32U535RBI6Q, STM32U535RBT6, STM32U535RBT6Q, STM32U535RCI6, STM32U535RCI6Q, STM32U535RCT6, STM32U535RCT6Q, STM32U535REI6, STM32U535REI6Q, STM32U535RET6, STM32U535RET6Q, STM32U535VCI6, STM32U535VCI6Q, STM32U535VCT6, STM32U535VCT6Q, STM32U535VEI6, STM32U535VEI6Q, STM32U535VET6, STM32U535VET6Q, STM32U545CET6, STM32U545CET6Q, STM32U545CEU6, STM32U545CEU6Q, STM32U545JEY6QTR, STM32U545NEY6QTR, STM32U545REI6, STM32U545REI6Q, STM32U545RET6, STM32U545RET6Q, STM32U545VEI6, STM32U545VEI6Q, STM32U545VET6, STM32U545VET6Q, STM32U595AIH6, STM32U595AIH6Q, STM32U595AJH6, STM32U595AJH6Q, STM32U595QII6, STM32U595QII6Q, STM32U595QJI6, STM32U595QJI6Q, STM32U595RIT6, STM32U595RIT6Q, STM32U595RJT6, STM32U595RJT6Q, STM32U595VIT6, STM32U595VIT6Q, STM32U595VJT6, STM32U595VJT6Q, STM32U595ZIT6, STM32U595ZIT6Q, STM32U595ZIY6QTR, STM32U595ZJT6, STM32U595ZJT6Q, STM32U595ZJY6QTR, STM32U599BJY6QTR, STM32U599NIH6Q, STM32U599NJH6Q, STM32U599VIT6Q, STM32U599VJT6, STM32U599VJT6Q, STM32U599ZIT6Q, STM32U599ZIY6QTR, STM32U599ZJT6Q, STM32U599ZJY6QTR, STM32U5A5AJH6, STM32U5A5AJH6Q, STM32U5A5QII3Q , STM32U5A5QJI6, STM32U5A5QJI6Q, STM32U5A5RJT6, STM32U5A5RJT6Q, STM32U5A5VJT6, STM32U5A5VJT6Q, STM32U5A5ZJT6, STM32U5A5ZJT6Q, STM32U5A5ZJY6QTR, STM32U5A9BJY6QTR, STM32U5A9J-DK, STM32U5A9NJH6Q, STM32U5A9VJT6Q, STM32U5A9ZJT6Q, STM32U5A9ZJY6QTR, STM32U5F7VIT6, STM32U5F7VIT6Q, STM32U5F7VJT6, STM32U5F7VJT6Q, STM32U5F9BJY6QTR, STM32U5F9NJH6Q, STM32U5F9VIT6Q, STM32U5F9VJT6Q, STM32U5F9ZIJ6QTR, STM32U5F9ZIT6Q, STM32U5F9ZJJ6QTR, STM32U5F9ZJT6Q, STM32U5G7VJT6, STM32U5G7VJT6Q, STM32U5G9BJY6QTR, STM32U5G9J-DK1, STM32U5G9J-DK2, STM32U5G9NJH6Q, STM32U5G9VJT6Q, STM32U5G9ZJJ6QTR, STM32U5G9ZJT6Q, STM32WB1MMCH6, STM32WBA50KEU6, STM32WBA50KEU6TR, STM32WBA50KGU6, STM32WBA50KGU6TR, STM32WBA52CEU6, STM32WBA52CEU6TR, STM32WBA52CEU7, STM32WBA52CEU7TR, STM32WBA52CGU6, STM32WBA52CGU6TR, STM32WBA52CGU6U, STM32WBA52CGU7, STM32WBA52CGU7TR, STM32WBA52KEU6, STM32WBA52KEU6TR, STM32WBA52KGU6, STM32WBA52KGU6TR, STM32WBA54CEU6, STM32WBA54CEU6TR, STM32WBA54CEU7, STM32WBA54CEU7TR, STM32WBA54CGU6, STM32WBA54CGU6TR, STM32WBA54CGU7, STM32WBA54CGU7TR, STM32WBA54KEU6, STM32WBA54KEU6TR, STM32WBA54KEU7, STM32WBA54KEU7TR, STM32WBA54KGU6, STM32WBA54KGU6TR, STM32WBA54KGU7, STM32WBA54KGU7TR, STM32WBA55CEU6, STM32WBA55CEU6TR, STM32WBA55CEU7, STM32WBA55CEU7TR, STM32WBA55CGU6, STM32WBA55CGU6TR, STM32WBA55CGU6U, STM32WBA55CGU7, STM32WBA55CGU7TR, STM32WBA55G-DK1, STM32WBA55HEF6, STM32WBA55HEF7, STM32WBA55HGF6, STM32WBA55HGF7, STM32WBA55UEI6, STM32WBA55UEI6TR, STM32WBA55UEI7, STM32WBA55UEI7TR, STM32WBA55UGI6, STM32WBA55UGI6TR, STM32WBA55UGI7, STM32WBA55UGI7TR, STM32WL5MOCH6, STM32WL5MOCH6TR]
2024-07-30 14:56:15,096 [INFO] DbMcus:218 - Found 4203 MCUs, 4203 are supported
2024-07-30 14:56:15,101 [INFO] ApiDb:423 - Load user favorites file C:\Users\sebfo/.stm32cubeide/favorites.mcus.txt: 1 item(s)
2024-07-30 14:56:15,101 [INFO] ApiDb:427 - User favorites MCUs=[STM32F030K6T6TR]
2024-07-30 14:56:15,101 [INFO] DbMcus:224 - Set 1 / 1 favorites MCUs
2024-07-30 14:56:15,420 [INFO] BoardInfo:889 - No configuration file found for board P-NUCLEO-WB55
2024-07-30 14:56:15,421 [INFO] DbBoards:161 - Kit is not supported: P-NUCLEO-WB55
2024-07-30 14:56:15,425 [INFO] BoardInfo:889 - No configuration file found for board STEVAL-BFA001V1B
2024-07-30 14:56:15,425 [INFO] DbBoards:161 - Kit is not supported: STEVAL-BFA001V1B
2024-07-30 14:56:15,426 [INFO] BoardInfo:889 - No configuration file found for board STEVAL-BFA001V2B
2024-07-30 14:56:15,426 [INFO] DbBoards:161 - Kit is not supported: STEVAL-BFA001V2B
2024-07-30 14:56:15,540 [INFO] DbBoards:168 - Found 195 boards, 192 are supported
2024-07-30 14:56:15,541 [INFO] DbBoards:169 - Found 195 boards, 8 of them is supported for  Bsp
2024-07-30 14:56:15,546 [INFO] ApiDb:423 - Load user favorites file C:\Users\sebfo/.stm32cubeide/favorites.boards.txt: 0 item(s)
2024-07-30 14:56:15,546 [INFO] ApiDb:427 - User favorites Boards=[]
2024-07-30 14:56:15,547 [INFO] DbBoards:198 - Set 0 / 0 favorites Boards
2024-07-30 14:56:15,593 [INFO] UtilMem:75 - End LoadConfig() Used Memory: 650694728 Bytes (1053818880)
2024-07-30 14:56:15,731 [WARN] ThirdParty:833 - waiting for thirdparty lock release [change project]
2024-07-30 14:56:15,731 [INFO] ThirdParty:835 - entering critical section [change project]
2024-07-30 14:56:15,731 [INFO] ThirdParty:1030 - CMSIS Pack Vendor :STMicroelectronics USBPD 4.1
2024-07-30 14:56:15,731 [INFO] ThirdParty:1030 - CMSIS Pack Vendor :STMicroelectronics X-CUBE-GNSS1 6.0.0
2024-07-30 14:56:15,731 [INFO] ThirdParty:1030 - CMSIS Pack Vendor :STMicroelectronics USB_HOST 2.0.0
2024-07-30 14:56:15,731 [INFO] ThirdParty:1030 - CMSIS Pack Vendor :STMicroelectronics FP-SNS-MOTENVWB1 1.4.0
2024-07-30 14:56:15,731 [INFO] ThirdParty:1030 - CMSIS Pack Vendor :STMicroelectronics X-CUBE-AZRTOS-F4 1.1.0
2024-07-30 14:56:15,731 [INFO] ThirdParty:1030 - CMSIS Pack Vendor :STMicroelectronics LIBJPEG 8.0.0
2024-07-30 14:56:15,731 [INFO] ThirdParty:1030 - CMSIS Pack Vendor :STMicroelectronics X-CUBE-SMBUS 2.1.0
2024-07-30 14:56:15,731 [INFO] ThirdParty:1030 - CMSIS Pack Vendor :STMicroelectronics USB_DEVICE 3.0.0
2024-07-30 14:56:15,731 [INFO] ThirdParty:1030 - CMSIS Pack Vendor :STMicroelectronics X-CUBE-TCPP 4.1.0
2024-07-30 14:56:15,731 [INFO] ThirdParty:1030 - CMSIS Pack Vendor :STMicroelectronics X-CUBE-FREERTOS 1.2.0
2024-07-30 14:56:15,731 [INFO] ThirdParty:1030 - CMSIS Pack Vendor :STMicroelectronics X-CUBE-AZRTOS-WB 2.0.0
2024-07-30 14:56:15,731 [INFO] ThirdParty:1030 - CMSIS Pack Vendor :STMicroelectronics X-CUBE-TOUCHGFX 4.23.2
2024-07-30 14:56:15,731 [INFO] ThirdParty:1030 - CMSIS Pack Vendor :STMicroelectronics X-CUBE-AZRTOS-F7 1.1.0
2024-07-30 14:56:15,731 [INFO] ThirdParty:1030 - CMSIS Pack Vendor :STMicroelectronics X-CUBE-AZRTOS-L5 2.0.0
2024-07-30 14:56:15,731 [INFO] ThirdParty:1030 - CMSIS Pack Vendor :STMicroelectronics USB_DEVICE 2.0.0
2024-07-30 14:56:15,731 [INFO] ThirdParty:1030 - CMSIS Pack Vendor :STMicroelectronics X-CUBE-NFC6 3.1.0
2024-07-30 14:56:15,731 [INFO] ThirdParty:1030 - CMSIS Pack Vendor :STMicroelectronics FP-SNS-STBOX1 2.0.0
2024-07-30 14:56:15,731 [INFO] ThirdParty:1030 - CMSIS Pack Vendor :STMicroelectronics FreeRTOS 0.0.1
2024-07-30 14:56:15,731 [INFO] ThirdParty:1030 - CMSIS Pack Vendor :STMicroelectronics X-CUBE-AZRTOS-G0 1.1.0
2024-07-30 14:56:15,731 [INFO] ThirdParty:1030 - CMSIS Pack Vendor :STMicroelectronics X-CUBE-SAFEA1 1.2.2
2024-07-30 14:56:15,731 [INFO] ThirdParty:1030 - CMSIS Pack Vendor :STMicroelectronics X-CUBE-NFC4 3.0.0
2024-07-30 14:56:15,731 [INFO] ThirdParty:1030 - CMSIS Pack Vendor :STMicroelectronics X-CUBE-DPower 1.2.0
2024-07-30 14:56:15,732 [INFO] ThirdParty:1030 - CMSIS Pack Vendor :STMicroelectronics X-CUBE-SUBG2 5.0.0
2024-07-30 14:56:15,732 [INFO] ThirdParty:1030 - CMSIS Pack Vendor :STMicroelectronics STM32_WPAN 1.0.0
2024-07-30 14:56:15,732 [INFO] ThirdParty:1030 - CMSIS Pack Vendor :wolfSSL I-CUBE-wolfMQTT 1.18.0
2024-07-30 14:56:15,732 [INFO] ThirdParty:1030 - CMSIS Pack Vendor :EmbeddedOffice I-CUBE-FS-RTOS 1.0.1
2024-07-30 14:56:15,732 [INFO] ThirdParty:1030 - CMSIS Pack Vendor :STMicroelectronics lwIP 2.0.3
2024-07-30 14:56:15,732 [INFO] ThirdParty:1030 - CMSIS Pack Vendor :STMicroelectronics FP-SNS-FLIGHT1 5.0.2
2024-07-30 14:56:15,732 [INFO] ThirdParty:1030 - CMSIS Pack Vendor :Cesanta I-CUBE-Mongoose 7.13.0
2024-07-30 14:56:15,732 [INFO] ThirdParty:1030 - CMSIS Pack Vendor :STMicroelectronics USB_HOST 1.0.0
2024-07-30 14:56:15,732 [INFO] ThirdParty:1030 - CMSIS Pack Vendor :STMicroelectronics X-CUBE-AI 9.0.0
2024-07-30 14:56:15,732 [INFO] ThirdParty:1030 - CMSIS Pack Vendor :STMicroelectronics X-CUBE-AZRTOS-G4 2.0.0
2024-07-30 14:56:15,732 [INFO] ThirdParty:1030 - CMSIS Pack Vendor :STMicroelectronics PDM2PCM 3.1.0
2024-07-30 14:56:15,732 [INFO] ThirdParty:1030 - CMSIS Pack Vendor :STMicroelectronics PDM2PCM 3.3.0
2024-07-30 14:56:15,732 [INFO] ThirdParty:1030 - CMSIS Pack Vendor :STMicroelectronics X-CUBE-DISPLAY 3.0.0
2024-07-30 14:56:15,732 [INFO] ThirdParty:1030 - CMSIS Pack Vendor :RealThread X-CUBE-RT-Thread_Nano 4.1.1
2024-07-30 14:56:15,732 [INFO] ThirdParty:1030 - CMSIS Pack Vendor :wolfSSL I-CUBE-wolfSSL 5.7.0
2024-07-30 14:56:15,732 [INFO] ThirdParty:1030 - CMSIS Pack Vendor :STMicroelectronics X-CUBE-BLE1 7.0.0
2024-07-30 14:56:15,732 [INFO] ThirdParty:1030 - CMSIS Pack Vendor :STMicroelectronics FP-ATR-SIGFOX1 3.2.0
2024-07-30 14:56:15,732 [INFO] ThirdParty:1030 - CMSIS Pack Vendor :STMicroelectronics X-CUBE-ISPU 2.0.0
2024-07-30 14:56:15,732 [INFO] ThirdParty:1030 - CMSIS Pack Vendor :STMicroelectronics X-CUBE-EEPRMA1 5.1.0
2024-07-30 14:56:15,732 [INFO] ThirdParty:1030 - CMSIS Pack Vendor :STMicroelectronics HAL Drivers 0.0.0
2024-07-30 14:56:15,732 [INFO] ThirdParty:1030 - CMSIS Pack Vendor :STMicroelectronics MBEDTLS 2.16.2
2024-07-30 14:56:15,732 [INFO] ThirdParty:1030 - CMSIS Pack Vendor :STMicroelectronics X-CUBE-ALS 1.0.2
2024-07-30 14:56:15,732 [INFO] ThirdParty:1030 - CMSIS Pack Vendor :emotas I-CUBE-CANOPEN 1.3.0
2024-07-30 14:56:15,732 [INFO] ThirdParty:1030 - CMSIS Pack Vendor :STMicroelectronics X-CUBE-MEMS1 10.0.0
2024-07-30 14:56:15,732 [INFO] ThirdParty:1030 - CMSIS Pack Vendor :STMicroelectronics X-CUBE-NFC7 1.0.1
2024-07-30 14:56:15,732 [INFO] ThirdParty:1030 - CMSIS Pack Vendor :STMicroelectronics MBEDTLS 2.14.1
2024-07-30 14:56:15,732 [INFO] ThirdParty:1030 - CMSIS Pack Vendor :STMicroelectronics X-CUBE-TOUCHGFX 4.24.0
2024-07-30 14:56:15,732 [INFO] ThirdParty:1030 - CMSIS Pack Vendor :ITTIA_DB I-CUBE-ITTIADB 8.9.0
2024-07-30 14:56:15,732 [INFO] ThirdParty:1030 - CMSIS Pack Vendor :wolfSSL I-CUBE-wolfTPM 3.2.0
2024-07-30 14:56:15,732 [INFO] ThirdParty:1030 - CMSIS Pack Vendor :portGmbH I-Cube-SoM-uGOAL 1.1.0
2024-07-30 14:56:15,732 [INFO] ThirdParty:1030 - CMSIS Pack Vendor :STMicroelectronics X-CUBE-BLEMGR 3.1.0
2024-07-30 14:56:15,732 [INFO] ThirdParty:1030 - CMSIS Pack Vendor :STMicroelectronics ThreadX 1.0.0
2024-07-30 14:56:15,732 [INFO] ThirdParty:1030 - CMSIS Pack Vendor :STMicroelectronics FP-SNS-SMARTAG2 1.2.0
2024-07-30 14:56:15,732 [INFO] ThirdParty:1030 - CMSIS Pack Vendor :STMicroelectronics X-CUBE-AZRTOS-WL 2.0.0
2024-07-30 14:56:15,732 [INFO] ThirdParty:1030 - CMSIS Pack Vendor :SEGGER I-CUBE-embOS 1.3.1
2024-07-30 14:56:15,732 [INFO] ThirdParty:1030 - CMSIS Pack Vendor :STMicroelectronics X-CUBE-ALGOBUILD 1.4.0
2024-07-30 14:56:15,732 [INFO] ThirdParty:1030 - CMSIS Pack Vendor :STMicroelectronics FP-SNS-MOTENV1 5.0.0
2024-07-30 14:56:15,732 [INFO] ThirdParty:1030 - CMSIS Pack Vendor :STMicroelectronics USB_DEVICE 1.0.0
2024-07-30 14:56:15,732 [INFO] ThirdParty:1030 - CMSIS Pack Vendor :STMicroelectronics X-CUBE-AZRTOS-H7RS 1.0.0
2024-07-30 14:56:15,732 [INFO] ThirdParty:1030 - CMSIS Pack Vendor :wolfSSL I-CUBE-wolfMQTT 1.19.0
2024-07-30 14:56:15,732 [INFO] ThirdParty:1030 - CMSIS Pack Vendor :STMicroelectronics X-CUBE-AZRTOS-L4 2.0.0
2024-07-30 14:56:15,732 [INFO] ThirdParty:1030 - CMSIS Pack Vendor :STMicroelectronics ThreadX 0.0.2
2024-07-30 14:56:15,732 [INFO] ThirdParty:1030 - CMSIS Pack Vendor :WES I-CUBE-Cesium 1.3.0
2024-07-30 14:56:15,732 [INFO] ThirdParty:1030 - CMSIS Pack Vendor :STMicroelectronics FP-ATR-ASTRA1 2.0.0
2024-07-30 14:56:15,732 [INFO] ThirdParty:1030 - CMSIS Pack Vendor :STMicroelectronics lwIP 2.1.2
2024-07-30 14:56:15,732 [INFO] ThirdParty:1030 - CMSIS Pack Vendor :STMicroelectronics X-CUBE-SFXS2LP1 4.0.0
2024-07-30 14:56:15,732 [INFO] ThirdParty:1030 - CMSIS Pack Vendor :STMicroelectronics X-CUBE-BLE2 3.3.0
2024-07-30 14:56:15,732 [INFO] ThirdParty:1030 - CMSIS Pack Vendor :STMicroelectronics X-CUBE-TOF1 3.4.2
2024-07-30 14:56:15,732 [INFO] ThirdParty:1030 - CMSIS Pack Vendor :STMicroelectronics X-CUBE-TOF1 3.4.1
2024-07-30 14:56:15,732 [INFO] ThirdParty:1030 - CMSIS Pack Vendor :STMicroelectronics X-CUBE-AZRTOS-H7 3.2.0
2024-07-30 14:56:15,732 [INFO] ThirdParty:1030 - CMSIS Pack Vendor :Infineon AIROC-Wi-Fi-Bluetooth-STM32 1.6.0
2024-07-30 14:56:15,732 [INFO] ThirdParty:1030 - CMSIS Pack Vendor :STMicroelectronics PDM2PCM 3.2.0
2024-07-30 14:56:15,732 [INFO] ThirdParty:1030 - CMSIS Pack Vendor :wolfSSL I-CUBE-wolfSSH 1.4.17
2024-07-30 14:56:15,733 [INFO] ThirdParty:841 - exiting critical section [change project]
2024-07-30 14:56:15,933 [INFO] PinOutPanel:1561 - setPackage(No Configuration,No Configuration)
2024-07-30 14:56:15,935 [INFO] PinOutPanel:1561 - setPackage(STM32F030K6Tx,LQFP32)
2024-07-30 14:56:16,527 [INFO] UtilMem:75 - Before build in PCC Used Memory: 750391432 Bytes (1073741824)
2024-07-30 14:56:17,464 [INFO] UtilMem:75 - After build in PCC Used Memory: 826483968 Bytes (1073741824)
2024-07-30 14:56:17,496 [INFO] IPUIPlugin:80 - create IPUIPlugin
2024-07-30 14:56:17,496 [INFO] IPUIPlugin:80 - create IPUIPlugin
2024-07-30 14:56:17,496 [INFO] IPUIPlugin:80 - create IPUIPlugin
2024-07-30 14:56:17,497 [INFO] IPUIPlugin:80 - create IPUIPlugin
2024-07-30 14:56:17,497 [INFO] IPUIPlugin:80 - create IPUIPlugin
2024-07-30 14:56:17,497 [INFO] IPUIPlugin:80 - create IPUIPlugin
2024-07-30 14:56:17,497 [INFO] IPUIPlugin:80 - create IPUIPlugin
2024-07-30 14:56:17,497 [INFO] IPUIPlugin:80 - create IPUIPlugin
2024-07-30 14:56:17,497 [INFO] IPUIPlugin:80 - create IPUIPlugin
2024-07-30 14:56:17,497 [INFO] IPUIPlugin:80 - create IPUIPlugin
2024-07-30 14:56:17,497 [INFO] IPUIPlugin:80 - create IPUIPlugin
2024-07-30 14:56:17,497 [INFO] IPUIPlugin:80 - create IPUIPlugin
2024-07-30 14:56:17,497 [INFO] IPUIPlugin:80 - create IPUIPlugin
2024-07-30 14:56:17,497 [INFO] IPUIPlugin:80 - create IPUIPlugin
2024-07-30 14:56:17,497 [INFO] IPUIPlugin:80 - create IPUIPlugin
2024-07-30 14:56:17,497 [INFO] IPUIPlugin:80 - create IPUIPlugin
2024-07-30 14:56:17,497 [INFO] IPUIPlugin:80 - create IPUIPlugin
2024-07-30 14:56:17,497 [INFO] IPUIPlugin:80 - create IPUIPlugin
2024-07-30 14:56:17,498 [INFO] IPUIPlugin:80 - create IPUIPlugin
2024-07-30 14:56:17,498 [INFO] IPUIPlugin:80 - create IPUIPlugin
2024-07-30 14:56:17,498 [INFO] IPUIPlugin:80 - create IPUIPlugin
2024-07-30 14:56:17,858 [INFO] CADModel:165 - CPN selected for project levelSTM32F030K6T6TR
2024-07-30 14:56:17,858 [INFO] CADModel:114 - Register for checkConnection events
2024-07-30 14:56:17,914 [INFO] OpenFileManager:343 - Restore cursor
2024-07-30 14:57:49,843 [INFO] I2cTimingTraitement:330 - 0x2000090E
2024-07-30 14:58:03,693 [INFO] NvicIntPanel:101 - NVIC parent = com.st.microxplorer.plugins.ip.nvic.MultiNvicIntPanel[,0,0,450x208,layout=javax.swing.BoxLayout,alignmentX=0.0,alignmentY=0.0,border=,flags=9,maximumSize=,minimumSize=,preferredSize=]
2024-07-30 14:59:10,436 [INFO] UtilMem:75 - End SaveConfig() Used Memory: 747330272 Bytes (1073741824)
2024-07-30 14:59:11,614 [INFO] BlockDiagram:2759 - set Specific Code input for plugin: NVIC
2024-07-30 14:59:11,614 [INFO] BlockDiagram:2759 - set Specific Code input for plugin: SYS
2024-07-30 14:59:11,615 [INFO] BlockDiagram:2759 - set Specific Code input for plugin: GPIO
2024-07-30 14:59:11,615 [INFO] BlockDiagram:2759 - set Specific Code input for plugin: RCC
2024-07-30 14:59:11,615 [INFO] BlockDiagram:2759 - set Specific Code input for plugin: I2C
2024-07-30 14:59:11,616 [INFO] CodeGenerator:807 - code generatio: config db path: C:\ST\STM32CubeIDE_1.15.1\STM32CubeIDE\plugins\com.st.stm32cube.common.mx_6.11.1.202404110753\\db\
2024-07-30 14:59:11,766 [INFO] CodeEngine:255 - oldGeneratedFile, C:\Users\sebfo\STM32CubeIDE\workspace_1.15.1\The WatchDog\MXTmpFiles\license.tmp_save
2024-07-30 14:59:12,191 [INFO] CodeEngine:279 - Generated code: C:\Users\sebfo\STM32CubeIDE\workspace_1.15.1\The WatchDog\MXTmpFiles\license.tmp
2024-07-30 14:59:12,393 [INFO] CodeEngine:255 - oldGeneratedFile, C:\Users\sebfo\STM32CubeIDE\workspace_1.15.1\The WatchDog\MXTmpFiles\gpio.tmp_save
2024-07-30 14:59:12,543 [INFO] CodeEngine:279 - Generated code: C:\Users\sebfo\STM32CubeIDE\workspace_1.15.1\The WatchDog\MXTmpFiles\gpio.tmp
2024-07-30 14:59:12,872 [INFO] CodeEngine:255 - oldGeneratedFile, C:\Users\sebfo\STM32CubeIDE\workspace_1.15.1\The WatchDog\Core\Src\stm32f0xx_it.c_save
2024-07-30 14:59:12,993 [INFO] CodeEngine:279 - Generated code: C:\Users\sebfo\STM32CubeIDE\workspace_1.15.1\The WatchDog\Core\Src\stm32f0xx_it.c
2024-07-30 14:59:13,021 [INFO] CodeEngine:255 - oldGeneratedFile, C:\Users\sebfo\STM32CubeIDE\workspace_1.15.1\The WatchDog\Core\Inc\stm32f0xx_it.h_save
2024-07-30 14:59:13,092 [INFO] CodeEngine:279 - Generated code: C:\Users\sebfo\STM32CubeIDE\workspace_1.15.1\The WatchDog\Core\Inc\stm32f0xx_it.h
2024-07-30 14:59:13,127 [INFO] CodeEngine:255 - oldGeneratedFile, C:\Users\sebfo\STM32CubeIDE\workspace_1.15.1\The WatchDog\Core\Src\stm32f0xx_hal_msp.c_save
2024-07-30 14:59:13,230 [INFO] CodeEngine:279 - Generated code: C:\Users\sebfo\STM32CubeIDE\workspace_1.15.1\The WatchDog\Core\Src\stm32f0xx_hal_msp.c
2024-07-30 14:59:13,244 [INFO] CodeEngine:255 - oldGeneratedFile, C:\Users\sebfo\STM32CubeIDE\workspace_1.15.1\The WatchDog\MXTmpFiles\system.tmp_save
2024-07-30 14:59:13,302 [INFO] CodeEngine:279 - Generated code: C:\Users\sebfo\STM32CubeIDE\workspace_1.15.1\The WatchDog\MXTmpFiles\system.tmp
2024-07-30 14:59:13,331 [INFO] CodeEngine:311 - oldGeneratedFile, C:\Users\sebfo\STM32CubeIDE\workspace_1.15.1\The WatchDog\Core\Inc\stm32f0xx_hal_conf.h_save
2024-07-30 14:59:13,396 [INFO] CodeEngine:335 - Generated code: C:\Users\sebfo\STM32CubeIDE\workspace_1.15.1\The WatchDog\Core\Inc\stm32f0xx_hal_conf.h
2024-07-30 14:59:13,459 [INFO] CodeEngine:255 - oldGeneratedFile, C:\Users\sebfo\STM32CubeIDE\workspace_1.15.1\The WatchDog\Core\Inc\main.h_save
2024-07-30 14:59:13,546 [INFO] CodeEngine:279 - Generated code: C:\Users\sebfo\STM32CubeIDE\workspace_1.15.1\The WatchDog\Core\Inc\main.h
2024-07-30 14:59:13,565 [INFO] CodeEngine:255 - oldGeneratedFile, C:\Users\sebfo\STM32CubeIDE\workspace_1.15.1\The WatchDog\Core\Src\main.c_save
2024-07-30 14:59:13,704 [INFO] CodeEngine:279 - Generated code: C:\Users\sebfo\STM32CubeIDE\workspace_1.15.1\The WatchDog\Core\Src\main.c
2024-07-30 14:59:14,078 [INFO] ProjectBuilder:3163 - Time for Copy HAL[1] : 225mS.
2024-07-30 14:59:14,086 [INFO] ProjectBuilder:4736 - Project Generator version: 4.3.0-B58
2024-07-30 14:59:14,154 [INFO] ConfigFileManager:1503 - The Die is : DIE444
2024-07-30 14:59:14,179 [INFO] ApiDbMcu:508 - Load IP Config File for FATFS
2024-07-30 14:59:14,212 [INFO] ApiDbMcu:508 - Load IP Config File for FREERTOS
2024-07-30 14:59:14,798 [INFO] LogOutputStream:77 - [STDOUT_REDIRECT] 
2024-07-30 14:59:16,594 [INFO] ProjectBuilder:5002 - Time for Generating toolchain IDE Files: 2509mS.
2024-07-30 14:59:16,595 [INFO] ProjectBuilder:3034 - Time for Copy CMSIS : 1mS.
2024-07-30 14:59:16,599 [INFO] ProjectBuilder:3034 - Time for Copy CMSIS : 0mS.
2024-07-30 14:59:32,167 [INFO] I2cTimingTraitement:330 - 0x2000090E
2024-07-30 14:59:32,256 [INFO] NvicIntPanel:101 - NVIC parent = com.st.microxplorer.plugins.ip.nvic.MultiNvicIntPanel[,0,0,0x0,invalid,layout=javax.swing.BoxLayout,alignmentX=0.0,alignmentY=0.0,border=,flags=9,maximumSize=,minimumSize=,preferredSize=]
2024-07-30 14:59:53,043 [INFO] UtilMem:75 - End SaveConfig() Used Memory: 663341632 Bytes (1073741824)
2024-07-30 15:00:21,593 [INFO] UtilMem:75 - End SaveConfig() Used Memory: 852871184 Bytes (1073741824)
2024-07-30 15:00:22,999 [INFO] UtilMem:75 - End SaveConfig() Used Memory: 865523816 Bytes (1073741824)
2024-07-30 15:00:24,786 [INFO] UtilMem:75 - End SaveConfig() Used Memory: 884281120 Bytes (1073741824)
2024-07-30 15:00:24,952 [INFO] BlockDiagram:2759 - set Specific Code input for plugin: NVIC
2024-07-30 15:00:24,952 [INFO] BlockDiagram:2759 - set Specific Code input for plugin: SYS
2024-07-30 15:00:24,952 [INFO] BlockDiagram:2759 - set Specific Code input for plugin: GPIO
2024-07-30 15:00:24,952 [INFO] BlockDiagram:2759 - set Specific Code input for plugin: RCC
2024-07-30 15:00:24,952 [INFO] BlockDiagram:2759 - set Specific Code input for plugin: I2C
2024-07-30 15:00:24,953 [INFO] CodeGenerator:807 - code generatio: config db path: C:\ST\STM32CubeIDE_1.15.1\STM32CubeIDE\plugins\com.st.stm32cube.common.mx_6.11.1.202404110753\\db\
2024-07-30 15:00:24,996 [INFO] CodeEngine:255 - oldGeneratedFile, C:\Users\sebfo\STM32CubeIDE\workspace_1.15.1\The WatchDog\MXTmpFiles\license.tmp_save
2024-07-30 15:00:25,055 [INFO] CodeEngine:279 - Generated code: C:\Users\sebfo\STM32CubeIDE\workspace_1.15.1\The WatchDog\MXTmpFiles\license.tmp
2024-07-30 15:00:25,130 [INFO] CodeEngine:255 - oldGeneratedFile, C:\Users\sebfo\STM32CubeIDE\workspace_1.15.1\The WatchDog\Core\Src\gpio.c_save
2024-07-30 15:00:25,211 [INFO] CodeEngine:279 - Generated code: C:\Users\sebfo\STM32CubeIDE\workspace_1.15.1\The WatchDog\Core\Src\gpio.c
2024-07-30 15:00:25,225 [INFO] CodeEngine:255 - oldGeneratedFile, C:\Users\sebfo\STM32CubeIDE\workspace_1.15.1\The WatchDog\Core\Inc\gpio.h_save
2024-07-30 15:00:25,284 [INFO] CodeEngine:279 - Generated code: C:\Users\sebfo\STM32CubeIDE\workspace_1.15.1\The WatchDog\Core\Inc\gpio.h
2024-07-30 15:00:25,364 [INFO] CodeEngine:255 - oldGeneratedFile, C:\Users\sebfo\STM32CubeIDE\workspace_1.15.1\The WatchDog\Core\Src\i2c.c_save
2024-07-30 15:00:25,448 [INFO] CodeEngine:279 - Generated code: C:\Users\sebfo\STM32CubeIDE\workspace_1.15.1\The WatchDog\Core\Src\i2c.c
2024-07-30 15:00:25,461 [INFO] CodeEngine:255 - oldGeneratedFile, C:\Users\sebfo\STM32CubeIDE\workspace_1.15.1\The WatchDog\Core\Inc\i2c.h_save
2024-07-30 15:00:25,524 [INFO] CodeEngine:279 - Generated code: C:\Users\sebfo\STM32CubeIDE\workspace_1.15.1\The WatchDog\Core\Inc\i2c.h
2024-07-30 15:00:25,538 [INFO] CodeEngine:255 - oldGeneratedFile, C:\Users\sebfo\STM32CubeIDE\workspace_1.15.1\The WatchDog\Core\Src\stm32f0xx_it.c_save
2024-07-30 15:00:25,585 [INFO] CodeEngine:279 - Generated code: C:\Users\sebfo\STM32CubeIDE\workspace_1.15.1\The WatchDog\Core\Src\stm32f0xx_it.c
2024-07-30 15:00:25,588 [INFO] CodeEngine:255 - oldGeneratedFile, C:\Users\sebfo\STM32CubeIDE\workspace_1.15.1\The WatchDog\Core\Inc\stm32f0xx_it.h_save
2024-07-30 15:00:25,619 [INFO] CodeEngine:279 - Generated code: C:\Users\sebfo\STM32CubeIDE\workspace_1.15.1\The WatchDog\Core\Inc\stm32f0xx_it.h
2024-07-30 15:00:25,632 [INFO] CodeEngine:255 - oldGeneratedFile, C:\Users\sebfo\STM32CubeIDE\workspace_1.15.1\The WatchDog\Core\Src\stm32f0xx_hal_msp.c_save
2024-07-30 15:00:25,700 [INFO] CodeEngine:279 - Generated code: C:\Users\sebfo\STM32CubeIDE\workspace_1.15.1\The WatchDog\Core\Src\stm32f0xx_hal_msp.c
2024-07-30 15:00:25,703 [INFO] CodeEngine:255 - oldGeneratedFile, C:\Users\sebfo\STM32CubeIDE\workspace_1.15.1\The WatchDog\MXTmpFiles\system.tmp_save
2024-07-30 15:00:25,749 [INFO] CodeEngine:279 - Generated code: C:\Users\sebfo\STM32CubeIDE\workspace_1.15.1\The WatchDog\MXTmpFiles\system.tmp
2024-07-30 15:00:25,761 [INFO] CodeEngine:311 - oldGeneratedFile, C:\Users\sebfo\STM32CubeIDE\workspace_1.15.1\The WatchDog\Core\Inc\stm32f0xx_hal_conf.h_save
2024-07-30 15:00:25,820 [INFO] CodeEngine:335 - Generated code: C:\Users\sebfo\STM32CubeIDE\workspace_1.15.1\The WatchDog\Core\Inc\stm32f0xx_hal_conf.h
2024-07-30 15:00:25,846 [INFO] CodeEngine:255 - oldGeneratedFile, C:\Users\sebfo\STM32CubeIDE\workspace_1.15.1\The WatchDog\Core\Inc\main.h_save
2024-07-30 15:00:25,905 [INFO] CodeEngine:279 - Generated code: C:\Users\sebfo\STM32CubeIDE\workspace_1.15.1\The WatchDog\Core\Inc\main.h
2024-07-30 15:00:25,916 [INFO] CodeEngine:255 - oldGeneratedFile, C:\Users\sebfo\STM32CubeIDE\workspace_1.15.1\The WatchDog\Core\Src\main.c_save
2024-07-30 15:00:25,987 [INFO] CodeEngine:279 - Generated code: C:\Users\sebfo\STM32CubeIDE\workspace_1.15.1\The WatchDog\Core\Src\main.c
2024-07-30 15:00:26,120 [INFO] ProjectBuilder:3163 - Time for Copy HAL[2] : 20mS.
2024-07-30 15:00:26,123 [INFO] ProjectBuilder:4736 - Project Generator version: 4.3.0-B58
2024-07-30 15:00:26,177 [INFO] ConfigFileManager:1503 - The Die is : DIE444
2024-07-30 15:00:27,192 [INFO] ProjectBuilder:5002 - Time for Generating toolchain IDE Files: 1068mS.
2024-07-30 15:00:27,195 [INFO] ProjectBuilder:3034 - Time for Copy CMSIS : 3mS.
2024-07-30 15:00:27,200 [INFO] ProjectBuilder:3034 - Time for Copy CMSIS : 2mS.
